[2021/07/19 13:38:48]__NtSdkMgr_init
[2021/07/19 13:38:48]__NtSdkMgr_setInitFinishCallback
[2021/07/19 13:38:48]__NtSdkMgr_setLoginFinishCallback
[2021/07/19 13:38:48]__NtSdkMgr_setLogoutFinishCallback
[2021/07/19 13:38:48]__NtSdkMgr_setCheckOrderFinishCallback
[2021/07/19 13:38:48]__NtSdkMgr_setExtendFuncFinishCallback
[2021/07/19 13:38:48]__NtSdkMgr_setQueryFriendFinishCallback
[2021/07/19 13:38:48]__NtSdkMgr_ntInit
[2021/07/19 13:38:48][Callback]onLog
[2021/07/19 13:38:48][Callback]onLog
[2021/07/19 13:38:48][Callback]onLog
[2021/07/19 13:38:48][Callback]onLog
[2021/07/19 13:38:48][Callback]onLog
[2021/07/19 13:38:48][Callback]onLog
[2021/07/19 13:38:48][Callback]onLog
[2021/07/19 13:38:48][Callback]onLog
[2021/07/19 13:38:48][Callback]onLog
[2021/07/19 13:38:48][Callback]onLog
[2021/07/19 13:38:48][Callback]onLog
[2021/07/19 13:38:48][Callback]onLog
[2021/07/19 13:38:48][Callback]onLog
[2021/07/19 13:38:48][Callback]onLog
[2021/07/19 13:38:48][Callback]onLog
[2021/07/19 13:38:48][Callback]onLog
[2021/07/19 13:38:48][Callback]onLog
[2021/07/19 13:38:48][Callback]onLog
[2021/07/19 13:38:48][Callback]onLog
[2021/07/19 13:38:48][Callback]onLog
[2021/07/19 13:38:48][Callback]onLog
[2021/07/19 13:38:48][Callback]onLog
[2021/07/19 13:38:48][Callback]onLog
[2021/07/19 13:38:48][Callback]onLog
[2021/07/19 13:38:48][Callback]onLog
[2021/07/19 13:38:48][Callback]onLog
[2021/07/19 13:38:48][Callback]onLog
[2021/07/19 13:38:48][Callback]onLog
[2021/07/19 13:38:48][Callback]onLog
[2021/07/19 13:38:48][Callback]onLog
[2021/07/19 13:38:48][Callback]onLog
[2021/07/19 13:38:48][Callback]onLog
[2021/07/19 13:38:48][Callback]onLog
[2021/07/19 13:38:48][Callback]onLog
[2021/07/19 13:38:48][Callback]onLog
[2021/07/19 13:38:48][Callback]onLog
[2021/07/19 13:38:48][Callback]onLog
[2021/07/19 13:38:48][Callback]onLog
[2021/07/19 13:38:48][Callback]onLog
[2021/07/19 13:38:48][Callback]onLog
[2021/07/19 13:38:48][Callback]onLog
[2021/07/19 13:38:48][Callback]onLog
[2021/07/19 13:38:48][Callback]onLog
[2021/07/19 13:38:48][Callback]onLog
[2021/07/19 13:38:48][Callback]onLog
[2021/07/19 13:38:48][Callback]onLog
[2021/07/19 13:38:48][Callback]onLog
[2021/07/19 13:38:48][Callback]onLog
[2021/07/19 13:38:48][Callback]onLog
[2021/07/19 13:38:48][Callback]onLog
[2021/07/19 13:38:48][Callback]onLog
[2021/07/19 13:38:48][Callback]onLog
[2021/07/19 13:38:49][Callback]onLog
[2021/07/19 13:38:49][Callback]onLog
[2021/07/19 13:38:49][Callback]onLog
[2021/07/19 13:38:49][Callback]onLog
[2021/07/19 13:38:49][Callback]onLog
[2021/07/19 13:38:49][Callback]onLog
[2021/07/19 13:38:49][Callback]onLog
[2021/07/19 13:38:49][Callback]onLog
[2021/07/19 13:38:49][Callback]onLog
[2021/07/19 13:38:49][Callback]onInitFinish
[2021/07/19 13:38:49][Callback]onLog
[2021/07/19 13:38:49][Callback]onLog
[2021/07/19 13:38:49][Callback]onLog
[2021/07/19 13:38:49][Callback]onLog
[2021/07/19 13:38:49][Callback]onLog
[2021/07/19 13:38:49][Callback]onLog
[2021/07/19 13:38:49][Callback]onLog
[2021/07/19 13:38:49][Callback]onLog
[2021/07/19 13:38:49][Callback]onLog
[2021/07/19 13:38:49][Callback]onLog
[2021/07/19 13:38:49][Callback]onLog
[2021/07/19 13:38:55][Callback]onLog
[2021/07/19 13:38:55][Callback]onLog
[2021/07/19 13:38:55][Callback]onLog
[2021/07/19 13:38:55][Callback]onLog
[2021/07/19 13:38:55][Callback]onLog
[2021/07/19 13:38:55][Callback]onLog
[2021/07/19 13:38:55][Callback]onLog
[2021/07/19 13:38:55][Callback]onLog
[2021/07/19 13:38:55][Callback]onLog
[2021/07/19 13:38:55][Callback]onLog
[2021/07/19 13:38:55][Callback]onLog
[2021/07/19 13:38:55][Callback]onLog
[2021/07/19 13:38:55][Callback]onLog
[2021/07/19 13:38:55][Callback]onLog
[2021/07/19 13:38:55][Callback]onLog
[2021/07/19 13:38:55][Callback]onLog
[2021/07/19 13:38:55][Callback]onLog
[2021/07/19 13:38:55][Callback]onLog
[2021/07/19 13:38:55][Callback]onLog
[2021/07/19 13:38:55][Callback]onLog
[2021/07/19 13:38:55][Callback]onLog
[2021/07/19 13:38:55][Callback]onLog
[2021/07/19 13:38:55][Callback]onLog
[2021/07/19 13:38:55][Callback]onLog
[2021/07/19 13:38:55][Callback]onLog
[2021/07/19 13:38:55][Callback]onLog
[2021/07/19 13:38:55][Callback]onLog
[2021/07/19 13:38:55][Callback]onLog
[2021/07/19 13:38:55][Callback]onLog
[2021/07/19 13:38:55][Callback]onLog
[2021/07/19 13:38:55][Callback]onLog
[2021/07/19 13:38:56][Callback]onLog
[2021/07/19 13:38:56][Callback]onLog
[2021/07/19 13:39:12]__NtSdkMgr_ntLogin
[2021/07/19 13:39:12][Callback]onLog
[2021/07/19 13:39:34][Callback]onLog
[2021/07/19 13:39:34][Callback]onLog
[2021/07/19 13:39:34][Callback]onLog
[2021/07/19 13:39:34][Callback]onLog
[2021/07/19 13:39:34][Callback]onLog
[2021/07/19 13:39:34][Callback]onLog
[2021/07/19 13:39:34][Callback]onLog
[2021/07/19 13:39:34][Callback]onLog
[2021/07/19 13:39:34][Callback]onLog
[2021/07/19 13:39:34][Callback]onLog
[2021/07/19 13:39:34][Callback]onLog
[2021/07/19 13:39:35][Callback]onLog
[2021/07/19 13:39:35][Callback]onLog
[2021/07/19 13:39:35][Callback]onLog
[2021/07/19 13:39:35][Callback]onLog
[2021/07/19 13:39:35][Callback]onLoginFinish
[2021/07/19 13:39:35][Callback]onLog
[2021/07/19 13:39:35][Callback]onLog
[2021/07/19 13:39:35][Callback]onExtendFuncFinish
[2021/07/19 13:39:36][Callback]onLog
[2021/07/19 13:39:36][Callback]onLog
[2021/07/19 13:39:36][Callback]onLog
[2021/07/19 13:39:36][Callback]onLog
[2021/07/19 13:39:36][Callback]onLog
[2021/07/19 13:39:36][Callback]onLog
[2021/07/19 13:39:36][Callback]onLog
[2021/07/19 13:39:36][Callback]onLog
[2021/07/19 13:39:36][Callback]onLog
[2021/07/19 13:39:36][Callback]onLog
[2021/07/19 13:39:36][Callback]onLog
[2021/07/19 13:39:36][Callback]onLog
[2021/07/19 13:39:36][Callback]onLog
[2021/07/19 13:39:36][Callback]onLog
[2021/07/19 13:39:36][Callback]onLog
[2021/07/19 13:39:36][Callback]onLog
[2021/07/19 13:39:36][Callback]onLog
[2021/07/19 13:39:36][Callback]onLog
[2021/07/19 13:39:36][Callback]onLog
[2021/07/19 13:39:36][Callback]onLog
[2021/07/19 13:39:36][Callback]onLog
[2021/07/19 13:39:36][Callback]onLog
[2021/07/19 13:39:36][Callback]onLog
[2021/07/19 13:39:36][Callback]onLog
[2021/07/19 13:39:36][Callback]onLog
[2021/07/19 13:39:36][Callback]onLog
[2021/07/19 13:39:36][Callback]onLog
[2021/07/19 13:39:36][Callback]onLog
[2021/07/19 13:39:39]__NtSdkMgr_ntGameLoginSuccess
[2021/07/19 13:39:39][Callback]onLog
[2021/07/19 13:39:39][Callback]onLog
[2021/07/19 13:39:39][Callback]onLog
[2021/07/19 13:39:39][Callback]onLog
[2021/07/19 13:39:39][Callback]onLog
[2021/07/19 13:39:39][Callback]onLog
[2021/07/19 13:39:39][Callback]onLog
[2021/07/19 13:39:39][Callback]onLog
[2021/07/19 13:39:39][Callback]onLog
[2021/07/19 13:39:39][Callback]onLog
[2021/07/19 13:39:39][Callback]onLog
[2021/07/19 13:39:39][Callback]onLog
[2021/07/19 13:39:39][Callback]onLog
[2021/07/19 13:39:39][Callback]onLog
[2021/07/19 13:39:39][Callback]onLog
[2021/07/19 13:39:40]__NtSdkMgr_ntExtendFunc
[2021/07/19 13:39:40][Callback]onLog
[2021/07/19 13:39:40][Callback]onLog
[2021/07/19 13:39:40][Callback]onLog
[2021/07/19 13:39:40][Callback]onLog
[2021/07/19 13:39:40]__NtSdkMgr_ntExtendFunc
[2021/07/19 13:39:40][Callback]onLog
[2021/07/19 13:39:40][Callback]onLog
[2021/07/19 13:39:41]__NtSdkMgr_ntExtendFunc
[2021/07/19 13:39:41][Callback]onLog
[2021/07/19 13:39:41][Callback]onLog
[2021/07/19 13:39:41][Callback]onLog
[2021/07/19 13:39:41][Callback]onLog
[2021/07/19 13:39:41][Callback]onExtendFuncFinish
[2021/07/19 13:39:52]__NtSdkMgr_ntGameLoginSuccess
[2021/07/19 13:39:52][Callback]onLog
[2021/07/19 13:39:52][Callback]onLog
[2021/07/19 13:39:52][Callback]onLog
[2021/07/19 13:39:52][Callback]onLog
[2021/07/19 13:39:52][Callback]onLog
[2021/07/19 13:39:52][Callback]onLog
[2021/07/19 13:39:52][Callback]onLog
[2021/07/19 13:39:52][Callback]onLog
[2021/07/19 13:39:52][Callback]onLog
[2021/07/19 13:39:52][Callback]onLog
[2021/07/19 13:39:52][Callback]onLog
[2021/07/19 13:39:52][Callback]onLog
[2021/07/19 13:39:52][Callback]onLog
[2021/07/19 13:39:52][Callback]onLog
[2021/07/19 13:39:52][Callback]onLog
[2021/07/19 13:39:52]__NtSdkMgr_ntExtendFunc
[2021/07/19 13:39:52][Callback]onLog
[2021/07/19 13:39:52][Callback]onLog
[2021/07/19 13:39:53][Callback]onLog
[2021/07/19 13:39:53][Callback]onLog
[2021/07/19 13:39:53][Callback]onExtendFuncFinish
[2021/07/19 13:39:53][Callback]onLog
[2021/07/19 13:57:19]__NtSdkMgr_ntExtendFunc
[2021/07/19 13:57:19][Callback]onLog
[2021/07/19 13:57:19][Callback]onLog
[2021/07/19 14:21:24]__NtSdkMgr_ntExtendFunc
[2021/07/19 14:21:24][Callback]onLog
[2021/07/19 14:21:24][Callback]onLog
[2021/07/19 14:38:02]__NtSdkMgr_ntExtendFunc
[2021/07/19 14:38:02][Callback]onLog
[2021/07/19 14:38:02][Callback]onLog
[2021/07/19 15:03:46]__NtSdkMgr_ntExtendFunc
[2021/07/19 15:03:46][Callback]onLog
[2021/07/19 15:03:46][Callback]onLog
[2021/07/19 15:25:28]__NtSdkMgr_ntExtendFunc
[2021/07/19 15:25:28][Callback]onLog
[2021/07/19 15:25:28][Callback]onLog
[2021/07/19 15:42:03]__NtSdkMgr_ntExtendFunc
[2021/07/19 15:42:03][Callback]onLog
[2021/07/19 15:42:03][Callback]onLog
[2021/07/19 15:59:13]__NtSdkMgr_ntExtendFunc
[2021/07/19 15:59:13][Callback]onLog
[2021/07/19 15:59:13][Callback]onLog
[2021/07/19 15:59:47]__NtSdkMgr_ntExtendFunc
[2021/07/19 15:59:47][Callback]onLog
[2021/07/19 15:59:47][Callback]onLog
[2021/07/19 15:59:47]__NtSdkMgr_ntLogout
[2021/07/19 15:59:47][Callback]onLog
[2021/07/19 15:59:47][Callback]onLog
[2021/07/19 17:51:45]__NtSdkMgr_init
[2021/07/19 17:51:45]__NtSdkMgr_setInitFinishCallback
[2021/07/19 17:51:45]__NtSdkMgr_setLoginFinishCallback
[2021/07/19 17:51:45]__NtSdkMgr_setLogoutFinishCallback
[2021/07/19 17:51:45]__NtSdkMgr_setCheckOrderFinishCallback
[2021/07/19 17:51:45]__NtSdkMgr_setExtendFuncFinishCallback
[2021/07/19 17:51:45]__NtSdkMgr_setQueryFriendFinishCallback
[2021/07/19 17:51:45]__NtSdkMgr_ntInit
[2021/07/19 17:51:45][Callback]onLog
[2021/07/19 17:51:45][Callback]onLog
[2021/07/19 17:51:45][Callback]onLog
[2021/07/19 17:51:45][Callback]onLog
[2021/07/19 17:51:45][Callback]onLog
[2021/07/19 17:51:45][Callback]onLog
[2021/07/19 17:51:45][Callback]onLog
[2021/07/19 17:51:45][Callback]onLog
[2021/07/19 17:51:45][Callback]onLog
[2021/07/19 17:51:45][Callback]onLog
[2021/07/19 17:51:45][Callback]onLog
[2021/07/19 17:51:45][Callback]onLog
[2021/07/19 17:51:45][Callback]onLog
[2021/07/19 17:51:45][Callback]onLog
[2021/07/19 17:51:45][Callback]onLog
[2021/07/19 17:51:45][Callback]onLog
[2021/07/19 17:51:45][Callback]onLog
[2021/07/19 17:51:45][Callback]onLog
[2021/07/19 17:51:45][Callback]onLog
[2021/07/19 17:51:45][Callback]onLog
[2021/07/19 17:51:45][Callback]onLog
[2021/07/19 17:51:45][Callback]onLog
[2021/07/19 17:51:45][Callback]onLog
[2021/07/19 17:51:45][Callback]onLog
[2021/07/19 17:51:45][Callback]onLog
[2021/07/19 17:51:45][Callback]onLog
[2021/07/19 17:51:45][Callback]onLog
[2021/07/19 17:51:45][Callback]onLog
[2021/07/19 17:51:45][Callback]onLog
[2021/07/19 17:51:45][Callback]onLog
[2021/07/19 17:51:45][Callback]onLog
[2021/07/19 17:51:45][Callback]onLog
[2021/07/19 17:51:45][Callback]onLog
[2021/07/19 17:51:45][Callback]onLog
[2021/07/19 17:51:45][Callback]onLog
[2021/07/19 17:51:45][Callback]onLog
[2021/07/19 17:51:45][Callback]onLog
[2021/07/19 17:51:45][Callback]onLog
[2021/07/19 17:51:45][Callback]onLog
[2021/07/19 17:51:45][Callback]onLog
[2021/07/19 17:51:45][Callback]onLog
[2021/07/19 17:51:45][Callback]onLog
[2021/07/19 17:51:45][Callback]onLog
[2021/07/19 17:51:45][Callback]onLog
[2021/07/19 17:51:45][Callback]onLog
[2021/07/19 17:51:45][Callback]onLog
[2021/07/19 17:51:45][Callback]onLog
[2021/07/19 17:51:45][Callback]onLog
[2021/07/19 17:51:46][Callback]onLog
[2021/07/19 17:51:46][Callback]onLog
[2021/07/19 17:51:46][Callback]onLog
[2021/07/19 17:51:46][Callback]onLog
[2021/07/19 17:51:46][Callback]onLog
[2021/07/19 17:51:46][Callback]onLog
[2021/07/19 17:51:46][Callback]onLog
[2021/07/19 17:51:46][Callback]onLog
[2021/07/19 17:51:46][Callback]onLog
[2021/07/19 17:51:46][Callback]onLog
[2021/07/19 17:51:46][Callback]onLog
[2021/07/19 17:51:46][Callback]onLog
[2021/07/19 17:51:46][Callback]onLog
[2021/07/19 17:51:46][Callback]onInitFinish
[2021/07/19 17:51:46][Callback]onLog
[2021/07/19 17:51:46][Callback]onLog
[2021/07/19 17:51:46][Callback]onLog
[2021/07/19 17:51:46][Callback]onLog
[2021/07/19 17:51:46][Callback]onLog
[2021/07/19 17:51:46][Callback]onLog
[2021/07/19 17:51:46][Callback]onLog
[2021/07/19 17:51:46][Callback]onLog
[2021/07/19 17:51:46][Callback]onLog
[2021/07/19 17:51:46][Callback]onLog
[2021/07/19 17:51:46][Callback]onLog
[2021/07/19 17:51:53][Callback]onLog
[2021/07/19 17:51:53][Callback]onLog
[2021/07/19 17:51:53][Callback]onLog
[2021/07/19 17:51:53][Callback]onLog
[2021/07/19 17:51:53][Callback]onLog
[2021/07/19 17:51:53][Callback]onLog
[2021/07/19 17:51:53][Callback]onLog
[2021/07/19 17:51:53][Callback]onLog
[2021/07/19 17:51:53][Callback]onLog
[2021/07/19 17:51:53][Callback]onLog
[2021/07/19 17:51:53][Callback]onLog
[2021/07/19 17:51:53][Callback]onLog
[2021/07/19 17:51:53][Callback]onLog
[2021/07/19 17:51:53][Callback]onLog
[2021/07/19 17:51:53][Callback]onLog
[2021/07/19 17:51:53][Callback]onLog
[2021/07/19 17:51:53][Callback]onLog
[2021/07/19 17:51:53][Callback]onLog
[2021/07/19 17:51:53][Callback]onLog
[2021/07/19 17:51:53][Callback]onLog
[2021/07/19 17:51:53][Callback]onLog
[2021/07/19 17:51:53][Callback]onLog
[2021/07/19 17:51:53][Callback]onLog
[2021/07/19 17:51:53][Callback]onLog
[2021/07/19 17:51:53][Callback]onLog
[2021/07/19 17:51:53][Callback]onLog
[2021/07/19 17:51:53][Callback]onLog
[2021/07/19 17:51:53][Callback]onLog
[2021/07/19 17:51:53][Callback]onLog
[2021/07/19 17:51:53][Callback]onLog
[2021/07/19 17:51:53][Callback]onLog
[2021/07/19 17:51:53][Callback]onLog
[2021/07/19 17:51:53][Callback]onLog
[2021/07/19 17:51:59]__NtSdkMgr_ntLogin
[2021/07/19 17:51:59][Callback]onLog
[2021/07/19 17:52:36][Callback]onLog
[2021/07/19 17:52:36][Callback]onLog
[2021/07/19 17:52:36][Callback]onLog
[2021/07/19 17:52:36][Callback]onLog
[2021/07/19 17:52:36][Callback]onLog
[2021/07/19 17:52:36][Callback]onLog
[2021/07/19 17:52:36][Callback]onLog
[2021/07/19 17:52:36][Callback]onLog
[2021/07/19 17:52:36][Callback]onLog
[2021/07/19 17:52:36][Callback]onLog
[2021/07/19 17:52:36][Callback]onLog
[2021/07/19 17:52:36][Callback]onLog
[2021/07/19 17:52:36][Callback]onLog
[2021/07/19 17:52:36][Callback]onLog
[2021/07/19 17:52:36][Callback]onLoginFinish
[2021/07/19 17:52:36][Callback]onLog
[2021/07/19 17:52:36][Callback]onLog
[2021/07/19 17:52:36][Callback]onExtendFuncFinish
[2021/07/19 17:52:36][Callback]onLog
[2021/07/19 17:52:36][Callback]onLog
[2021/07/19 17:52:36][Callback]onLog
[2021/07/19 17:52:36][Callback]onLog
[2021/07/19 17:52:36][Callback]onLog
[2021/07/19 17:52:36][Callback]onLog
[2021/07/19 17:52:36][Callback]onLog
[2021/07/19 17:52:36][Callback]onLog
[2021/07/19 17:52:36][Callback]onLog
[2021/07/19 17:52:36][Callback]onLog
[2021/07/19 17:52:36][Callback]onLog
[2021/07/19 17:52:36][Callback]onLog
[2021/07/19 17:52:36][Callback]onLog
[2021/07/19 17:52:36][Callback]onLog
[2021/07/19 17:52:36][Callback]onLog
[2021/07/19 17:52:36][Callback]onLog
[2021/07/19 17:52:36][Callback]onLog
[2021/07/19 17:52:36][Callback]onLog
[2021/07/19 17:52:36][Callback]onLog
[2021/07/19 17:52:36][Callback]onLog
[2021/07/19 17:52:36][Callback]onLog
[2021/07/19 17:52:36][Callback]onLog
[2021/07/19 17:52:36][Callback]onLog
[2021/07/19 17:52:36][Callback]onLog
[2021/07/19 17:52:36][Callback]onLog
[2021/07/19 17:52:36][Callback]onLog
[2021/07/19 17:52:36][Callback]onLog
[2021/07/19 17:52:36][Callback]onLog
[2021/07/19 17:52:38]__NtSdkMgr_ntGameLoginSuccess
[2021/07/19 17:52:38][Callback]onLog
[2021/07/19 17:52:38][Callback]onLog
[2021/07/19 17:52:38][Callback]onLog
[2021/07/19 17:52:38][Callback]onLog
[2021/07/19 17:52:38][Callback]onLog
[2021/07/19 17:52:38][Callback]onLog
[2021/07/19 17:52:38][Callback]onLog
[2021/07/19 17:52:38][Callback]onLog
[2021/07/19 17:52:38][Callback]onLog
[2021/07/19 17:52:38][Callback]onLog
[2021/07/19 17:52:38][Callback]onLog
[2021/07/19 17:52:38][Callback]onLog
[2021/07/19 17:52:38][Callback]onLog
[2021/07/19 17:52:38][Callback]onLog
[2021/07/19 17:52:39]__NtSdkMgr_ntExtendFunc
[2021/07/19 17:52:39][Callback]onLog
[2021/07/19 17:52:39][Callback]onLog
[2021/07/19 17:52:39][Callback]onLog
[2021/07/19 17:52:39]__NtSdkMgr_ntExtendFunc
[2021/07/19 17:52:39][Callback]onLog
[2021/07/19 17:52:39][Callback]onLog
[2021/07/19 17:52:39][Callback]onLog
[2021/07/19 17:52:39][Callback]onLog
[2021/07/19 17:52:39][Callback]onExtendFuncFinish
[2021/07/19 17:52:39][Callback]onLog
[2021/07/19 17:52:41]__NtSdkMgr_ntExtendFunc
[2021/07/19 17:52:41][Callback]onLog
[2021/07/19 17:52:41][Callback]onLog
[2021/07/19 18:16:21]__NtSdkMgr_ntExtendFunc
[2021/07/19 18:16:21][Callback]onLog
[2021/07/19 18:16:21][Callback]onLog
[2021/07/19 18:20:26]__NtSdkMgr_ntExtendFunc
[2021/07/19 18:20:26][Callback]onLog
[2021/07/19 18:20:26][Callback]onLog
[2021/07/19 18:20:26]__NtSdkMgr_ntLogout
[2021/07/19 18:20:26][Callback]onLog
[2021/07/19 18:20:26][Callback]onLog
[2021/07/19 19:44:32]__NtSdkMgr_init
[2021/07/19 19:44:32]__NtSdkMgr_setInitFinishCallback
[2021/07/19 19:44:32]__NtSdkMgr_setLoginFinishCallback
[2021/07/19 19:44:32]__NtSdkMgr_setLogoutFinishCallback
[2021/07/19 19:44:32]__NtSdkMgr_setCheckOrderFinishCallback
[2021/07/19 19:44:32]__NtSdkMgr_setExtendFuncFinishCallback
[2021/07/19 19:44:32]__NtSdkMgr_setQueryFriendFinishCallback
[2021/07/19 19:44:32]__NtSdkMgr_ntInit
[2021/07/19 19:44:32][Callback]onLog
[2021/07/19 19:44:32][Callback]onLog
[2021/07/19 19:44:32][Callback]onLog
[2021/07/19 19:44:32][Callback]onLog
[2021/07/19 19:44:32][Callback]onLog
[2021/07/19 19:44:32][Callback]onLog
[2021/07/19 19:44:32][Callback]onLog
[2021/07/19 19:44:32][Callback]onLog
[2021/07/19 19:44:32][Callback]onLog
[2021/07/19 19:44:32][Callback]onLog
[2021/07/19 19:44:32][Callback]onLog
[2021/07/19 19:44:32][Callback]onLog
[2021/07/19 19:44:32][Callback]onLog
[2021/07/19 19:44:32][Callback]onLog
[2021/07/19 19:44:32][Callback]onLog
[2021/07/19 19:44:32][Callback]onLog
[2021/07/19 19:44:32][Callback]onLog
[2021/07/19 19:44:32][Callback]onLog
[2021/07/19 19:44:32][Callback]onLog
[2021/07/19 19:44:32][Callback]onLog
[2021/07/19 19:44:32][Callback]onLog
[2021/07/19 19:44:32][Callback]onLog
[2021/07/19 19:44:32][Callback]onLog
[2021/07/19 19:44:32][Callback]onLog
[2021/07/19 19:44:32][Callback]onLog
[2021/07/19 19:44:32][Callback]onLog
[2021/07/19 19:44:32][Callback]onLog
[2021/07/19 19:44:32][Callback]onLog
[2021/07/19 19:44:32][Callback]onLog
[2021/07/19 19:44:32][Callback]onLog
[2021/07/19 19:44:32][Callback]onLog
[2021/07/19 19:44:32][Callback]onLog
[2021/07/19 19:44:32][Callback]onLog
[2021/07/19 19:44:32][Callback]onLog
[2021/07/19 19:44:32][Callback]onLog
[2021/07/19 19:44:32][Callback]onLog
[2021/07/19 19:44:32][Callback]onLog
[2021/07/19 19:44:32][Callback]onLog
[2021/07/19 19:44:32][Callback]onLog
[2021/07/19 19:44:32][Callback]onLog
[2021/07/19 19:44:32][Callback]onLog
[2021/07/19 19:44:32][Callback]onLog
[2021/07/19 19:44:32][Callback]onLog
[2021/07/19 19:44:32][Callback]onLog
[2021/07/19 19:44:32][Callback]onLog
[2021/07/19 19:44:32][Callback]onLog
[2021/07/19 19:44:32][Callback]onLog
[2021/07/19 19:44:32][Callback]onLog
[2021/07/19 19:44:32][Callback]onLog
[2021/07/19 19:44:32][Callback]onLog
[2021/07/19 19:44:32][Callback]onLog
[2021/07/19 19:44:32][Callback]onLog
[2021/07/19 19:44:32][Callback]onLog
[2021/07/19 19:44:32][Callback]onLog
[2021/07/19 19:44:32][Callback]onLog
[2021/07/19 19:44:32][Callback]onLog
[2021/07/19 19:44:32][Callback]onLog
[2021/07/19 19:44:32][Callback]onLog
[2021/07/19 19:44:32][Callback]onLog
[2021/07/19 19:44:32][Callback]onLog
[2021/07/19 19:44:32][Callback]onLog
[2021/07/19 19:44:32][Callback]onInitFinish
[2021/07/19 19:44:32][Callback]onLog
[2021/07/19 19:44:32][Callback]onLog
[2021/07/19 19:44:32][Callback]onLog
[2021/07/19 19:44:32][Callback]onLog
[2021/07/19 19:44:32][Callback]onLog
[2021/07/19 19:44:32][Callback]onLog
[2021/07/19 19:44:32][Callback]onLog
[2021/07/19 19:44:33][Callback]onLog
[2021/07/19 19:44:33][Callback]onLog
[2021/07/19 19:44:33][Callback]onLog
[2021/07/19 19:44:33][Callback]onLog
[2021/07/19 19:44:39][Callback]onLog
[2021/07/19 19:44:39][Callback]onLog
[2021/07/19 19:44:39][Callback]onLog
[2021/07/19 19:44:39][Callback]onLog
[2021/07/19 19:44:39][Callback]onLog
[2021/07/19 19:44:39][Callback]onLog
[2021/07/19 19:44:39][Callback]onLog
[2021/07/19 19:44:39][Callback]onLog
[2021/07/19 19:44:39][Callback]onLog
[2021/07/19 19:44:39][Callback]onLog
[2021/07/19 19:44:39][Callback]onLog
[2021/07/19 19:44:39][Callback]onLog
[2021/07/19 19:44:39][Callback]onLog
[2021/07/19 19:44:39][Callback]onLog
[2021/07/19 19:44:39][Callback]onLog
[2021/07/19 19:44:39][Callback]onLog
[2021/07/19 19:44:39][Callback]onLog
[2021/07/19 19:44:39][Callback]onLog
[2021/07/19 19:44:39][Callback]onLog
[2021/07/19 19:44:39][Callback]onLog
[2021/07/19 19:44:39][Callback]onLog
[2021/07/19 19:44:39][Callback]onLog
[2021/07/19 19:44:39][Callback]onLog
[2021/07/19 19:44:39][Callback]onLog
[2021/07/19 19:44:39][Callback]onLog
[2021/07/19 19:44:39][Callback]onLog
[2021/07/19 19:44:39][Callback]onLog
[2021/07/19 19:44:39][Callback]onLog
[2021/07/19 19:44:39][Callback]onLog
[2021/07/19 19:44:39][Callback]onLog
[2021/07/19 19:44:39][Callback]onLog
[2021/07/19 19:44:40][Callback]onLog
[2021/07/19 19:44:40][Callback]onLog
[2021/07/19 19:44:54]__NtSdkMgr_ntLogin
[2021/07/19 19:44:54][Callback]onLog
[2021/07/19 19:45:04][Callback]onLog
[2021/07/19 19:45:04][Callback]onLog
[2021/07/19 19:45:04][Callback]onLog
[2021/07/19 19:45:04][Callback]onLog
[2021/07/19 19:45:04][Callback]onLog
[2021/07/19 19:45:04][Callback]onLog
[2021/07/19 19:45:04][Callback]onLog
[2021/07/19 19:45:04][Callback]onLog
[2021/07/19 19:45:04][Callback]onLog
[2021/07/19 19:45:04][Callback]onLog
[2021/07/19 19:45:04][Callback]onLog
[2021/07/19 19:45:04][Callback]onLog
[2021/07/19 19:45:04][Callback]onLog
[2021/07/19 19:45:04][Callback]onLog
[2021/07/19 19:45:04][Callback]onLoginFinish
[2021/07/19 19:45:04][Callback]onLog
[2021/07/19 19:45:04][Callback]onLog
[2021/07/19 19:45:04][Callback]onLog
[2021/07/19 19:45:04][Callback]onExtendFuncFinish
[2021/07/19 19:45:05][Callback]onLog
[2021/07/19 19:45:05][Callback]onLog
[2021/07/19 19:45:05][Callback]onLog
[2021/07/19 19:45:05][Callback]onLog
[2021/07/19 19:45:05][Callback]onLog
[2021/07/19 19:45:05][Callback]onLog
[2021/07/19 19:45:05][Callback]onLog
[2021/07/19 19:45:05][Callback]onLog
[2021/07/19 19:45:05][Callback]onLog
[2021/07/19 19:45:05][Callback]onLog
[2021/07/19 19:45:05][Callback]onLog
[2021/07/19 19:45:05][Callback]onLog
[2021/07/19 19:45:05][Callback]onLog
[2021/07/19 19:45:05][Callback]onLog
[2021/07/19 19:45:05][Callback]onLog
[2021/07/19 19:45:05][Callback]onLog
[2021/07/19 19:45:05][Callback]onLog
[2021/07/19 19:45:05][Callback]onLog
[2021/07/19 19:45:05][Callback]onLog
[2021/07/19 19:45:05][Callback]onLog
[2021/07/19 19:45:05][Callback]onLog
[2021/07/19 19:45:05][Callback]onLog
[2021/07/19 19:45:05][Callback]onLog
[2021/07/19 19:45:05][Callback]onLog
[2021/07/19 19:45:05][Callback]onLog
[2021/07/19 19:45:05][Callback]onLog
[2021/07/19 19:45:05][Callback]onLog
[2021/07/19 19:45:05][Callback]onLog
[2021/07/19 19:45:06]__NtSdkMgr_ntGameLoginSuccess
[2021/07/19 19:45:06][Callback]onLog
[2021/07/19 19:45:06][Callback]onLog
[2021/07/19 19:45:06][Callback]onLog
[2021/07/19 19:45:06][Callback]onLog
[2021/07/19 19:45:06][Callback]onLog
[2021/07/19 19:45:06][Callback]onLog
[2021/07/19 19:45:06][Callback]onLog
[2021/07/19 19:45:06][Callback]onLog
[2021/07/19 19:45:06][Callback]onLog
[2021/07/19 19:45:06][Callback]onLog
[2021/07/19 19:45:06][Callback]onLog
[2021/07/19 19:45:06][Callback]onLog
[2021/07/19 19:45:06][Callback]onLog
[2021/07/19 19:45:06][Callback]onLog
[2021/07/19 19:45:06][Callback]onLog
[2021/07/19 19:45:07]__NtSdkMgr_ntExtendFunc
[2021/07/19 19:45:07][Callback]onLog
[2021/07/19 19:45:07][Callback]onLog
[2021/07/19 19:45:07][Callback]onLog
[2021/07/19 19:45:07][Callback]onLog
[2021/07/19 19:45:07]__NtSdkMgr_ntExtendFunc
[2021/07/19 19:45:07][Callback]onLog
[2021/07/19 19:45:07][Callback]onLog
[2021/07/19 19:45:07][Callback]onLog
[2021/07/19 19:45:07][Callback]onLog
[2021/07/19 19:45:07][Callback]onExtendFuncFinish
[2021/07/19 19:45:09]__NtSdkMgr_ntExtendFunc
[2021/07/19 19:45:09][Callback]onLog
[2021/07/19 19:45:09][Callback]onLog
[2021/07/19 19:57:20]__NtSdkMgr_ntExtendFunc
[2021/07/19 19:57:20][Callback]onLog
[2021/07/19 19:57:20][Callback]onLog
[2021/07/19 19:57:20][Callback]onLog
[2021/07/19 19:57:24]__NtSdkMgr_ntGameLoginSuccess
[2021/07/19 19:57:24][Callback]onLog
[2021/07/19 19:57:24][Callback]onLog
[2021/07/19 19:57:24][Callback]onLog
[2021/07/19 19:57:24][Callback]onLog
[2021/07/19 19:57:24][Callback]onLog
[2021/07/19 19:57:24][Callback]onLog
[2021/07/19 19:57:24][Callback]onLog
[2021/07/19 19:57:24][Callback]onLog
[2021/07/19 19:57:24][Callback]onLog
[2021/07/19 19:57:24][Callback]onLog
[2021/07/19 19:57:24][Callback]onLog
[2021/07/19 19:57:24][Callback]onLog
[2021/07/19 19:57:24][Callback]onLog
[2021/07/19 19:57:24][Callback]onLog
[2021/07/19 19:57:24][Callback]onLog
[2021/07/19 19:57:24]__NtSdkMgr_ntExtendFunc
[2021/07/19 19:57:24][Callback]onLog
[2021/07/19 19:57:24][Callback]onLog
[2021/07/19 19:57:24][Callback]onLog
[2021/07/19 19:57:24][Callback]onLog
[2021/07/19 19:57:24][Callback]onLog
[2021/07/19 19:57:24][Callback]onExtendFuncFinish
[2021/07/19 19:57:24]__NtSdkMgr_ntExtendFunc
[2021/07/19 19:57:24][Callback]onLog
[2021/07/19 19:57:24][Callback]onLog
[2021/07/19 19:57:25][Callback]onLog
[2021/07/19 20:07:48]__NtSdkMgr_ntExtendFunc
[2021/07/19 20:07:48][Callback]onLog
[2021/07/19 20:07:48][Callback]onLog
[2021/07/19 20:21:21]__NtSdkMgr_ntExtendFunc
[2021/07/19 20:21:21][Callback]onLog
[2021/07/19 20:21:21][Callback]onLog
[2021/07/19 20:21:32]__NtSdkMgr_ntExtendFunc
[2021/07/19 20:21:32][Callback]onLog
[2021/07/19 20:21:32][Callback]onLog
[2021/07/19 20:21:32]__NtSdkMgr_ntLogout
[2021/07/19 20:21:32][Callback]onLog
[2021/07/19 20:21:32][Callback]onLog
[2021/07/20 10:57:52]__NtSdkMgr_init
[2021/07/20 10:57:52]__NtSdkMgr_setInitFinishCallback
[2021/07/20 10:57:52]__NtSdkMgr_setLoginFinishCallback
[2021/07/20 10:57:52]__NtSdkMgr_setLogoutFinishCallback
[2021/07/20 10:57:52]__NtSdkMgr_setCheckOrderFinishCallback
[2021/07/20 10:57:52]__NtSdkMgr_setExtendFuncFinishCallback
[2021/07/20 10:57:52]__NtSdkMgr_setQueryFriendFinishCallback
[2021/07/20 10:57:52]__NtSdkMgr_ntInit
[2021/07/20 10:57:52][Callback]onLog
[2021/07/20 10:57:52][Callback]onLog
[2021/07/20 10:57:52][Callback]onLog
[2021/07/20 10:57:52][Callback]onLog
[2021/07/20 10:57:52][Callback]onLog
[2021/07/20 10:57:52][Callback]onLog
[2021/07/20 10:57:52][Callback]onLog
[2021/07/20 10:57:52][Callback]onLog
[2021/07/20 10:57:52][Callback]onLog
[2021/07/20 10:57:52][Callback]onLog
[2021/07/20 10:57:52][Callback]onLog
[2021/07/20 10:57:52][Callback]onLog
[2021/07/20 10:57:52][Callback]onLog
[2021/07/20 10:57:52][Callback]onLog
[2021/07/20 10:57:52][Callback]onLog
[2021/07/20 10:57:52][Callback]onLog
[2021/07/20 10:57:52][Callback]onLog
[2021/07/20 10:57:52][Callback]onLog
[2021/07/20 10:57:52][Callback]onLog
[2021/07/20 10:57:52][Callback]onLog
[2021/07/20 10:57:52][Callback]onLog
[2021/07/20 10:57:52][Callback]onLog
[2021/07/20 10:57:52][Callback]onLog
[2021/07/20 10:57:52][Callback]onLog
[2021/07/20 10:57:52][Callback]onLog
[2021/07/20 10:57:52][Callback]onLog
[2021/07/20 10:57:52][Callback]onLog
[2021/07/20 10:57:52][Callback]onLog
[2021/07/20 10:57:52][Callback]onLog
[2021/07/20 10:57:52][Callback]onLog
[2021/07/20 10:57:52][Callback]onLog
[2021/07/20 10:57:52][Callback]onLog
[2021/07/20 10:57:52][Callback]onLog
[2021/07/20 10:57:52][Callback]onLog
[2021/07/20 10:57:52][Callback]onLog
[2021/07/20 10:57:52][Callback]onLog
[2021/07/20 10:57:52][Callback]onLog
[2021/07/20 10:57:52][Callback]onLog
[2021/07/20 10:57:52][Callback]onLog
[2021/07/20 10:57:52][Callback]onLog
[2021/07/20 10:57:52][Callback]onLog
[2021/07/20 10:57:52][Callback]onLog
[2021/07/20 10:57:52][Callback]onLog
[2021/07/20 10:57:52][Callback]onLog
[2021/07/20 10:57:52][Callback]onLog
[2021/07/20 10:57:52][Callback]onLog
[2021/07/20 10:57:52][Callback]onLog
[2021/07/20 10:57:52][Callback]onLog
[2021/07/20 10:57:52][Callback]onLog
[2021/07/20 10:57:52][Callback]onLog
[2021/07/20 10:57:52][Callback]onLog
[2021/07/20 10:57:52][Callback]onLog
[2021/07/20 10:57:52][Callback]onLog
[2021/07/20 10:57:52][Callback]onLog
[2021/07/20 10:57:52][Callback]onLog
[2021/07/20 10:57:52][Callback]onLog
[2021/07/20 10:57:52][Callback]onLog
[2021/07/20 10:57:52][Callback]onLog
[2021/07/20 10:57:52][Callback]onLog
[2021/07/20 10:57:52][Callback]onLog
[2021/07/20 10:57:52][Callback]onLog
[2021/07/20 10:57:52][Callback]onLog
[2021/07/20 10:57:52][Callback]onLog
[2021/07/20 10:57:52][Callback]onLog
[2021/07/20 10:57:52][Callback]onInitFinish
[2021/07/20 10:57:52][Callback]onLog
[2021/07/20 10:57:52][Callback]onLog
[2021/07/20 10:57:52][Callback]onLog
[2021/07/20 10:57:52][Callback]onLog
[2021/07/20 10:57:53][Callback]onLog
[2021/07/20 10:57:53][Callback]onLog
[2021/07/20 10:57:53][Callback]onLog
[2021/07/20 10:57:53][Callback]onLog
[2021/07/20 10:57:59][Callback]onLog
[2021/07/20 10:57:59][Callback]onLog
[2021/07/20 10:57:59][Callback]onLog
[2021/07/20 10:57:59][Callback]onLog
[2021/07/20 10:57:59][Callback]onLog
[2021/07/20 10:57:59][Callback]onLog
[2021/07/20 10:57:59][Callback]onLog
[2021/07/20 10:57:59][Callback]onLog
[2021/07/20 10:57:59][Callback]onLog
[2021/07/20 10:57:59][Callback]onLog
[2021/07/20 10:57:59][Callback]onLog
[2021/07/20 10:57:59][Callback]onLog
[2021/07/20 10:57:59][Callback]onLog
[2021/07/20 10:57:59][Callback]onLog
[2021/07/20 10:57:59][Callback]onLog
[2021/07/20 10:57:59][Callback]onLog
[2021/07/20 10:57:59][Callback]onLog
[2021/07/20 10:57:59][Callback]onLog
[2021/07/20 10:57:59][Callback]onLog
[2021/07/20 10:57:59][Callback]onLog
[2021/07/20 10:57:59][Callback]onLog
[2021/07/20 10:57:59][Callback]onLog
[2021/07/20 10:57:59][Callback]onLog
[2021/07/20 10:57:59][Callback]onLog
[2021/07/20 10:57:59][Callback]onLog
[2021/07/20 10:57:59][Callback]onLog
[2021/07/20 10:57:59][Callback]onLog
[2021/07/20 10:57:59][Callback]onLog
[2021/07/20 10:57:59][Callback]onLog
[2021/07/20 10:57:59][Callback]onLog
[2021/07/20 10:57:59][Callback]onLog
[2021/07/20 10:58:00][Callback]onLog
[2021/07/20 10:58:00][Callback]onLog
[2021/07/20 10:58:10]__NtSdkMgr_ntLogin
[2021/07/20 10:58:10][Callback]onLog
[2021/07/20 10:58:12][Callback]onLog
[2021/07/20 10:58:12][Callback]onLog
[2021/07/20 10:58:12][Callback]onLog
[2021/07/20 10:58:12][Callback]onLog
[2021/07/20 10:58:12][Callback]onLog
[2021/07/20 10:58:12][Callback]onLog
[2021/07/20 10:58:12][Callback]onLog
[2021/07/20 10:58:12][Callback]onLog
[2021/07/20 10:58:12][Callback]onLog
[2021/07/20 10:58:12][Callback]onLog
[2021/07/20 10:58:12][Callback]onLog
[2021/07/20 10:58:12][Callback]onLog
[2021/07/20 10:58:12][Callback]onLog
[2021/07/20 10:58:12][Callback]onLog
[2021/07/20 10:58:12][Callback]onLog
[2021/07/20 10:58:12][Callback]onLoginFinish
[2021/07/20 10:58:12][Callback]onLog
[2021/07/20 10:58:12][Callback]onLog
[2021/07/20 10:58:12][Callback]onExtendFuncFinish
[2021/07/20 10:58:12][Callback]onLog
[2021/07/20 10:58:12][Callback]onLog
[2021/07/20 10:58:12][Callback]onLog
[2021/07/20 10:58:12][Callback]onLog
[2021/07/20 10:58:12][Callback]onLog
[2021/07/20 10:58:12][Callback]onLog
[2021/07/20 10:58:12][Callback]onLog
[2021/07/20 10:58:12][Callback]onLog
[2021/07/20 10:58:12][Callback]onLog
[2021/07/20 10:58:12][Callback]onLog
[2021/07/20 10:58:12][Callback]onLog
[2021/07/20 10:58:12][Callback]onLog
[2021/07/20 10:58:12][Callback]onLog
[2021/07/20 10:58:12][Callback]onLog
[2021/07/20 10:58:12][Callback]onLog
[2021/07/20 10:58:12][Callback]onLog
[2021/07/20 10:58:12][Callback]onLog
[2021/07/20 10:58:12][Callback]onLog
[2021/07/20 10:58:12][Callback]onLog
[2021/07/20 10:58:12][Callback]onLog
[2021/07/20 10:58:12][Callback]onLog
[2021/07/20 10:58:12][Callback]onLog
[2021/07/20 10:58:12][Callback]onLog
[2021/07/20 10:58:12][Callback]onLog
[2021/07/20 10:58:12][Callback]onLog
[2021/07/20 10:58:12][Callback]onLog
[2021/07/20 10:58:12][Callback]onLog
[2021/07/20 10:58:12][Callback]onLog
[2021/07/20 10:58:14]__NtSdkMgr_ntGameLoginSuccess
[2021/07/20 10:58:14][Callback]onLog
[2021/07/20 10:58:14][Callback]onLog
[2021/07/20 10:58:14][Callback]onLog
[2021/07/20 10:58:14][Callback]onLog
[2021/07/20 10:58:14][Callback]onLog
[2021/07/20 10:58:14][Callback]onLog
[2021/07/20 10:58:14][Callback]onLog
[2021/07/20 10:58:14][Callback]onLog
[2021/07/20 10:58:14][Callback]onLog
[2021/07/20 10:58:14][Callback]onLog
[2021/07/20 10:58:14][Callback]onLog
[2021/07/20 10:58:14][Callback]onLog
[2021/07/20 10:58:14][Callback]onLog
[2021/07/20 10:58:14][Callback]onLog
[2021/07/20 10:58:14][Callback]onLog
[2021/07/20 10:58:15]__NtSdkMgr_ntExtendFunc
[2021/07/20 10:58:15][Callback]onLog
[2021/07/20 10:58:15][Callback]onLog
[2021/07/20 10:58:15][Callback]onLog
[2021/07/20 10:58:15]__NtSdkMgr_ntExtendFunc
[2021/07/20 10:58:15][Callback]onLog
[2021/07/20 10:58:15][Callback]onLog
[2021/07/20 10:58:16]__NtSdkMgr_ntExtendFunc
[2021/07/20 10:58:16][Callback]onLog
[2021/07/20 10:58:16][Callback]onLog
[2021/07/20 10:58:16][Callback]onLog
[2021/07/20 10:58:16][Callback]onLog
[2021/07/20 10:58:16][Callback]onExtendFuncFinish
[2021/07/20 10:58:16][Callback]onLog
[2021/07/20 11:11:49]__NtSdkMgr_ntExtendFunc
[2021/07/20 11:11:49][Callback]onLog
[2021/07/20 11:11:49][Callback]onLog
[2021/07/20 11:37:04]__NtSdkMgr_ntExtendFunc
[2021/07/20 11:37:04][Callback]onLog
[2021/07/20 11:37:04][Callback]onLog
[2021/07/20 11:52:05]__NtSdkMgr_ntExtendFunc
[2021/07/20 11:52:05][Callback]onLog
[2021/07/20 11:52:05][Callback]onLog
[2021/07/20 11:52:05]__NtSdkMgr_ntLogout
[2021/07/20 11:52:05][Callback]onLog
[2021/07/20 11:52:05][Callback]onLog
[2021/07/20 12:46:04]__NtSdkMgr_init
[2021/07/20 12:46:04]__NtSdkMgr_setInitFinishCallback
[2021/07/20 12:46:04]__NtSdkMgr_setLoginFinishCallback
[2021/07/20 12:46:04]__NtSdkMgr_setLogoutFinishCallback
[2021/07/20 12:46:04]__NtSdkMgr_setCheckOrderFinishCallback
[2021/07/20 12:46:04]__NtSdkMgr_setExtendFuncFinishCallback
[2021/07/20 12:46:04]__NtSdkMgr_setQueryFriendFinishCallback
[2021/07/20 12:46:04]__NtSdkMgr_ntInit
[2021/07/20 12:46:04][Callback]onLog
[2021/07/20 12:46:04][Callback]onLog
[2021/07/20 12:46:04][Callback]onLog
[2021/07/20 12:46:04][Callback]onLog
[2021/07/20 12:46:04][Callback]onLog
[2021/07/20 12:46:04][Callback]onLog
[2021/07/20 12:46:04][Callback]onLog
[2021/07/20 12:46:04][Callback]onLog
[2021/07/20 12:46:04][Callback]onLog
[2021/07/20 12:46:04][Callback]onLog
[2021/07/20 12:46:04][Callback]onLog
[2021/07/20 12:46:04][Callback]onLog
[2021/07/20 12:46:04][Callback]onLog
[2021/07/20 12:46:04][Callback]onLog
[2021/07/20 12:46:04][Callback]onLog
[2021/07/20 12:46:04][Callback]onLog
[2021/07/20 12:46:04][Callback]onLog
[2021/07/20 12:46:04][Callback]onLog
[2021/07/20 12:46:04][Callback]onLog
[2021/07/20 12:46:04][Callback]onLog
[2021/07/20 12:46:04][Callback]onLog
[2021/07/20 12:46:04][Callback]onLog
[2021/07/20 12:46:04][Callback]onLog
[2021/07/20 12:46:04][Callback]onLog
[2021/07/20 12:46:04][Callback]onLog
[2021/07/20 12:46:04][Callback]onLog
[2021/07/20 12:46:04][Callback]onLog
[2021/07/20 12:46:04][Callback]onLog
[2021/07/20 12:46:04][Callback]onLog
[2021/07/20 12:46:04][Callback]onLog
[2021/07/20 12:46:04][Callback]onLog
[2021/07/20 12:46:04][Callback]onLog
[2021/07/20 12:46:04][Callback]onLog
[2021/07/20 12:46:04][Callback]onLog
[2021/07/20 12:46:04][Callback]onLog
[2021/07/20 12:46:04][Callback]onLog
[2021/07/20 12:46:04][Callback]onLog
[2021/07/20 12:46:04][Callback]onLog
[2021/07/20 12:46:04][Callback]onLog
[2021/07/20 12:46:04][Callback]onLog
[2021/07/20 12:46:04][Callback]onLog
[2021/07/20 12:46:04][Callback]onLog
[2021/07/20 12:46:04][Callback]onLog
[2021/07/20 12:46:04][Callback]onLog
[2021/07/20 12:46:04][Callback]onLog
[2021/07/20 12:46:04][Callback]onLog
[2021/07/20 12:46:04][Callback]onLog
[2021/07/20 12:46:04][Callback]onLog
[2021/07/20 12:46:04][Callback]onLog
[2021/07/20 12:46:04][Callback]onLog
[2021/07/20 12:46:04][Callback]onLog
[2021/07/20 12:46:04][Callback]onLog
[2021/07/20 12:46:04][Callback]onLog
[2021/07/20 12:46:04][Callback]onLog
[2021/07/20 12:46:04][Callback]onLog
[2021/07/20 12:46:04][Callback]onLog
[2021/07/20 12:46:04][Callback]onLog
[2021/07/20 12:46:04][Callback]onLog
[2021/07/20 12:46:04][Callback]onLog
[2021/07/20 12:46:04][Callback]onLog
[2021/07/20 12:46:04][Callback]onLog
[2021/07/20 12:46:04][Callback]onInitFinish
[2021/07/20 12:46:04][Callback]onLog
[2021/07/20 12:46:04][Callback]onLog
[2021/07/20 12:46:04][Callback]onLog
[2021/07/20 12:46:04][Callback]onLog
[2021/07/20 12:46:04][Callback]onLog
[2021/07/20 12:46:04][Callback]onLog
[2021/07/20 12:46:04][Callback]onLog
[2021/07/20 12:46:05][Callback]onLog
[2021/07/20 12:46:05][Callback]onLog
[2021/07/20 12:46:05][Callback]onLog
[2021/07/20 12:46:05][Callback]onLog
[2021/07/20 12:46:11][Callback]onLog
[2021/07/20 12:46:11][Callback]onLog
[2021/07/20 12:46:11][Callback]onLog
[2021/07/20 12:46:11][Callback]onLog
[2021/07/20 12:46:11][Callback]onLog
[2021/07/20 12:46:11][Callback]onLog
[2021/07/20 12:46:11][Callback]onLog
[2021/07/20 12:46:11][Callback]onLog
[2021/07/20 12:46:11][Callback]onLog
[2021/07/20 12:46:11][Callback]onLog
[2021/07/20 12:46:11][Callback]onLog
[2021/07/20 12:46:11][Callback]onLog
[2021/07/20 12:46:11][Callback]onLog
[2021/07/20 12:46:11][Callback]onLog
[2021/07/20 12:46:11][Callback]onLog
[2021/07/20 12:46:11][Callback]onLog
[2021/07/20 12:46:11][Callback]onLog
[2021/07/20 12:46:11][Callback]onLog
[2021/07/20 12:46:11][Callback]onLog
[2021/07/20 12:46:11][Callback]onLog
[2021/07/20 12:46:11][Callback]onLog
[2021/07/20 12:46:11][Callback]onLog
[2021/07/20 12:46:11][Callback]onLog
[2021/07/20 12:46:11][Callback]onLog
[2021/07/20 12:46:11][Callback]onLog
[2021/07/20 12:46:11][Callback]onLog
[2021/07/20 12:46:11][Callback]onLog
[2021/07/20 12:46:11][Callback]onLog
[2021/07/20 12:46:11][Callback]onLog
[2021/07/20 12:46:11][Callback]onLog
[2021/07/20 12:46:11][Callback]onLog
[2021/07/20 12:46:11][Callback]onLog
[2021/07/20 12:46:11][Callback]onLog
[2021/07/20 12:46:16]__NtSdkMgr_ntLogin
[2021/07/20 12:46:16][Callback]onLog
[2021/07/20 12:46:18][Callback]onLog
[2021/07/20 12:46:18][Callback]onLog
[2021/07/20 12:46:18][Callback]onLog
[2021/07/20 12:46:18][Callback]onLog
[2021/07/20 12:46:18][Callback]onLog
[2021/07/20 12:46:18][Callback]onLog
[2021/07/20 12:46:18][Callback]onLog
[2021/07/20 12:46:18][Callback]onLog
[2021/07/20 12:46:18][Callback]onLog
[2021/07/20 12:46:18][Callback]onLog
[2021/07/20 12:46:18][Callback]onLog
[2021/07/20 12:46:18][Callback]onLog
[2021/07/20 12:46:18][Callback]onLog
[2021/07/20 12:46:18][Callback]onLog
[2021/07/20 12:46:18][Callback]onLoginFinish
[2021/07/20 12:46:18][Callback]onLog
[2021/07/20 12:46:18][Callback]onLog
[2021/07/20 12:46:18][Callback]onLog
[2021/07/20 12:46:18][Callback]onExtendFuncFinish
[2021/07/20 12:46:18][Callback]onLog
[2021/07/20 12:46:18][Callback]onLog
[2021/07/20 12:46:18][Callback]onLog
[2021/07/20 12:46:18][Callback]onLog
[2021/07/20 12:46:18][Callback]onLog
[2021/07/20 12:46:18][Callback]onLog
[2021/07/20 12:46:18][Callback]onLog
[2021/07/20 12:46:18][Callback]onLog
[2021/07/20 12:46:18][Callback]onLog
[2021/07/20 12:46:18][Callback]onLog
[2021/07/20 12:46:18][Callback]onLog
[2021/07/20 12:46:18][Callback]onLog
[2021/07/20 12:46:18][Callback]onLog
[2021/07/20 12:46:18][Callback]onLog
[2021/07/20 12:46:18][Callback]onLog
[2021/07/20 12:46:18][Callback]onLog
[2021/07/20 12:46:18][Callback]onLog
[2021/07/20 12:46:18][Callback]onLog
[2021/07/20 12:46:18][Callback]onLog
[2021/07/20 12:46:18][Callback]onLog
[2021/07/20 12:46:18][Callback]onLog
[2021/07/20 12:46:18][Callback]onLog
[2021/07/20 12:46:18][Callback]onLog
[2021/07/20 12:46:18][Callback]onLog
[2021/07/20 12:46:18][Callback]onLog
[2021/07/20 12:46:18][Callback]onLog
[2021/07/20 12:46:18][Callback]onLog
[2021/07/20 12:46:18][Callback]onLog
[2021/07/20 12:46:20]__NtSdkMgr_ntGameLoginSuccess
[2021/07/20 12:46:20][Callback]onLog
[2021/07/20 12:46:20][Callback]onLog
[2021/07/20 12:46:20][Callback]onLog
[2021/07/20 12:46:20][Callback]onLog
[2021/07/20 12:46:20][Callback]onLog
[2021/07/20 12:46:20][Callback]onLog
[2021/07/20 12:46:20][Callback]onLog
[2021/07/20 12:46:20][Callback]onLog
[2021/07/20 12:46:20][Callback]onLog
[2021/07/20 12:46:20][Callback]onLog
[2021/07/20 12:46:20][Callback]onLog
[2021/07/20 12:46:20][Callback]onLog
[2021/07/20 12:46:20][Callback]onLog
[2021/07/20 12:46:20][Callback]onLog
[2021/07/20 12:46:20][Callback]onLog
[2021/07/20 12:46:21]__NtSdkMgr_ntExtendFunc
[2021/07/20 12:46:21][Callback]onLog
[2021/07/20 12:46:21][Callback]onLog
[2021/07/20 12:46:21][Callback]onLog
[2021/07/20 12:46:21][Callback]onLog
[2021/07/20 12:46:21]__NtSdkMgr_ntExtendFunc
[2021/07/20 12:46:21][Callback]onLog
[2021/07/20 12:46:21][Callback]onLog
[2021/07/20 12:46:21][Callback]onLog
[2021/07/20 12:46:21][Callback]onLog
[2021/07/20 12:46:21][Callback]onExtendFuncFinish
[2021/07/20 12:46:23]__NtSdkMgr_ntExtendFunc
[2021/07/20 12:46:23][Callback]onLog
[2021/07/20 12:46:23][Callback]onLog
[2021/07/20 13:08:30]__NtSdkMgr_ntExtendFunc
[2021/07/20 13:08:30][Callback]onLog
[2021/07/20 13:08:30][Callback]onLog
[2021/07/20 13:25:26]__NtSdkMgr_ntExtendFunc
[2021/07/20 13:25:26][Callback]onLog
[2021/07/20 13:25:26][Callback]onLog
[2021/07/20 13:25:47]__NtSdkMgr_ntExtendFunc
[2021/07/20 13:25:47][Callback]onLog
[2021/07/20 13:25:47][Callback]onLog
[2021/07/20 13:25:47]__NtSdkMgr_ntLogout
[2021/07/20 13:25:47][Callback]onLog
[2021/07/20 13:25:47][Callback]onLog
[2021/07/20 16:17:47]__NtSdkMgr_init
[2021/07/20 16:17:47]__NtSdkMgr_setInitFinishCallback
[2021/07/20 16:17:47]__NtSdkMgr_setLoginFinishCallback
[2021/07/20 16:17:47]__NtSdkMgr_setLogoutFinishCallback
[2021/07/20 16:17:47]__NtSdkMgr_setCheckOrderFinishCallback
[2021/07/20 16:17:47]__NtSdkMgr_setExtendFuncFinishCallback
[2021/07/20 16:17:47]__NtSdkMgr_setQueryFriendFinishCallback
[2021/07/20 16:17:47]__NtSdkMgr_ntInit
[2021/07/20 16:17:47][Callback]onLog
[2021/07/20 16:17:47][Callback]onLog
[2021/07/20 16:17:47][Callback]onLog
[2021/07/20 16:17:47][Callback]onLog
[2021/07/20 16:17:47][Callback]onLog
[2021/07/20 16:17:47][Callback]onLog
[2021/07/20 16:17:47][Callback]onLog
[2021/07/20 16:17:47][Callback]onLog
[2021/07/20 16:17:47][Callback]onLog
[2021/07/20 16:17:47][Callback]onLog
[2021/07/20 16:17:47][Callback]onLog
[2021/07/20 16:17:47][Callback]onLog
[2021/07/20 16:17:47][Callback]onLog
[2021/07/20 16:17:47][Callback]onLog
[2021/07/20 16:17:47][Callback]onLog
[2021/07/20 16:17:47][Callback]onLog
[2021/07/20 16:17:47][Callback]onLog
[2021/07/20 16:17:47][Callback]onLog
[2021/07/20 16:17:47][Callback]onLog
[2021/07/20 16:17:47][Callback]onLog
[2021/07/20 16:17:47][Callback]onLog
[2021/07/20 16:17:47][Callback]onLog
[2021/07/20 16:17:47][Callback]onLog
[2021/07/20 16:17:47][Callback]onLog
[2021/07/20 16:17:47][Callback]onLog
[2021/07/20 16:17:47][Callback]onLog
[2021/07/20 16:17:47][Callback]onLog
[2021/07/20 16:17:47][Callback]onLog
[2021/07/20 16:17:47][Callback]onLog
[2021/07/20 16:17:47][Callback]onLog
[2021/07/20 16:17:47][Callback]onLog
[2021/07/20 16:17:47][Callback]onLog
[2021/07/20 16:17:47][Callback]onLog
[2021/07/20 16:17:47][Callback]onLog
[2021/07/20 16:17:47][Callback]onLog
[2021/07/20 16:17:47][Callback]onLog
[2021/07/20 16:17:47][Callback]onLog
[2021/07/20 16:17:47][Callback]onLog
[2021/07/20 16:17:47][Callback]onLog
[2021/07/20 16:17:47][Callback]onLog
[2021/07/20 16:17:47][Callback]onLog
[2021/07/20 16:17:47][Callback]onLog
[2021/07/20 16:17:47][Callback]onLog
[2021/07/20 16:17:47][Callback]onLog
[2021/07/20 16:17:47][Callback]onLog
[2021/07/20 16:17:47][Callback]onLog
[2021/07/20 16:17:47][Callback]onLog
[2021/07/20 16:17:47][Callback]onLog
[2021/07/20 16:17:47][Callback]onLog
[2021/07/20 16:17:47][Callback]onLog
[2021/07/20 16:17:47][Callback]onLog
[2021/07/20 16:17:47][Callback]onLog
[2021/07/20 16:17:47][Callback]onLog
[2021/07/20 16:17:47][Callback]onLog
[2021/07/20 16:17:47][Callback]onLog
[2021/07/20 16:17:47][Callback]onLog
[2021/07/20 16:17:47][Callback]onLog
[2021/07/20 16:17:47][Callback]onLog
[2021/07/20 16:17:47][Callback]onLog
[2021/07/20 16:17:47][Callback]onLog
[2021/07/20 16:17:47][Callback]onLog
[2021/07/20 16:17:47][Callback]onInitFinish
[2021/07/20 16:17:47][Callback]onLog
[2021/07/20 16:17:47][Callback]onLog
[2021/07/20 16:17:47][Callback]onLog
[2021/07/20 16:17:47][Callback]onLog
[2021/07/20 16:17:47][Callback]onLog
[2021/07/20 16:17:47][Callback]onLog
[2021/07/20 16:17:47][Callback]onLog
[2021/07/20 16:17:47][Callback]onLog
[2021/07/20 16:17:47][Callback]onLog
[2021/07/20 16:17:47][Callback]onLog
[2021/07/20 16:17:47][Callback]onLog
[2021/07/20 16:17:54][Callback]onLog
[2021/07/20 16:17:54][Callback]onLog
[2021/07/20 16:17:54][Callback]onLog
[2021/07/20 16:17:54][Callback]onLog
[2021/07/20 16:17:54][Callback]onLog
[2021/07/20 16:17:54][Callback]onLog
[2021/07/20 16:17:54][Callback]onLog
[2021/07/20 16:17:54][Callback]onLog
[2021/07/20 16:17:54][Callback]onLog
[2021/07/20 16:17:54][Callback]onLog
[2021/07/20 16:17:54][Callback]onLog
[2021/07/20 16:17:54][Callback]onLog
[2021/07/20 16:17:54][Callback]onLog
[2021/07/20 16:17:54][Callback]onLog
[2021/07/20 16:17:54][Callback]onLog
[2021/07/20 16:17:54][Callback]onLog
[2021/07/20 16:17:54][Callback]onLog
[2021/07/20 16:17:54][Callback]onLog
[2021/07/20 16:17:54][Callback]onLog
[2021/07/20 16:17:54][Callback]onLog
[2021/07/20 16:17:54][Callback]onLog
[2021/07/20 16:17:54][Callback]onLog
[2021/07/20 16:17:54][Callback]onLog
[2021/07/20 16:17:54][Callback]onLog
[2021/07/20 16:17:54][Callback]onLog
[2021/07/20 16:17:54][Callback]onLog
[2021/07/20 16:17:54][Callback]onLog
[2021/07/20 16:17:54][Callback]onLog
[2021/07/20 16:17:54][Callback]onLog
[2021/07/20 16:17:54][Callback]onLog
[2021/07/20 16:17:54][Callback]onLog
[2021/07/20 16:17:54][Callback]onLog
[2021/07/20 16:17:54][Callback]onLog
[2021/07/20 16:17:59]__NtSdkMgr_ntLogin
[2021/07/20 16:17:59][Callback]onLog
[2021/07/20 16:18:01][Callback]onLog
[2021/07/20 16:18:01][Callback]onLog
[2021/07/20 16:18:01][Callback]onLog
[2021/07/20 16:18:01][Callback]onLog
[2021/07/20 16:18:01][Callback]onLog
[2021/07/20 16:18:01][Callback]onLog
[2021/07/20 16:18:01][Callback]onLog
[2021/07/20 16:18:01][Callback]onLog
[2021/07/20 16:18:01][Callback]onLog
[2021/07/20 16:18:01][Callback]onLog
[2021/07/20 16:18:01][Callback]onLog
[2021/07/20 16:18:01][Callback]onLog
[2021/07/20 16:18:01][Callback]onLog
[2021/07/20 16:18:01][Callback]onLog
[2021/07/20 16:18:01][Callback]onLog
[2021/07/20 16:18:01][Callback]onLoginFinish
[2021/07/20 16:18:01][Callback]onLog
[2021/07/20 16:18:01][Callback]onLog
[2021/07/20 16:18:01][Callback]onExtendFuncFinish
[2021/07/20 16:18:01][Callback]onLog
[2021/07/20 16:18:01][Callback]onLog
[2021/07/20 16:18:01][Callback]onLog
[2021/07/20 16:18:01][Callback]onLog
[2021/07/20 16:18:01][Callback]onLog
[2021/07/20 16:18:01][Callback]onLog
[2021/07/20 16:18:01][Callback]onLog
[2021/07/20 16:18:01][Callback]onLog
[2021/07/20 16:18:01][Callback]onLog
[2021/07/20 16:18:01][Callback]onLog
[2021/07/20 16:18:01][Callback]onLog
[2021/07/20 16:18:01][Callback]onLog
[2021/07/20 16:18:01][Callback]onLog
[2021/07/20 16:18:01][Callback]onLog
[2021/07/20 16:18:01][Callback]onLog
[2021/07/20 16:18:01][Callback]onLog
[2021/07/20 16:18:01][Callback]onLog
[2021/07/20 16:18:01][Callback]onLog
[2021/07/20 16:18:01][Callback]onLog
[2021/07/20 16:18:01][Callback]onLog
[2021/07/20 16:18:01][Callback]onLog
[2021/07/20 16:18:01][Callback]onLog
[2021/07/20 16:18:01][Callback]onLog
[2021/07/20 16:18:01][Callback]onLog
[2021/07/20 16:18:01][Callback]onLog
[2021/07/20 16:18:01][Callback]onLog
[2021/07/20 16:18:01][Callback]onLog
[2021/07/20 16:18:01][Callback]onLog
[2021/07/20 16:18:03]__NtSdkMgr_ntGameLoginSuccess
[2021/07/20 16:18:03][Callback]onLog
[2021/07/20 16:18:03][Callback]onLog
[2021/07/20 16:18:03][Callback]onLog
[2021/07/20 16:18:03][Callback]onLog
[2021/07/20 16:18:03][Callback]onLog
[2021/07/20 16:18:03][Callback]onLog
[2021/07/20 16:18:03][Callback]onLog
[2021/07/20 16:18:03][Callback]onLog
[2021/07/20 16:18:03][Callback]onLog
[2021/07/20 16:18:03][Callback]onLog
[2021/07/20 16:18:03][Callback]onLog
[2021/07/20 16:18:03][Callback]onLog
[2021/07/20 16:18:03][Callback]onLog
[2021/07/20 16:18:03][Callback]onLog
[2021/07/20 16:18:03][Callback]onLog
[2021/07/20 16:18:04]__NtSdkMgr_ntExtendFunc
[2021/07/20 16:18:04][Callback]onLog
[2021/07/20 16:18:04][Callback]onLog
[2021/07/20 16:18:04][Callback]onLog
[2021/07/20 16:18:04][Callback]onLog
[2021/07/20 16:18:04]__NtSdkMgr_ntExtendFunc
[2021/07/20 16:18:04][Callback]onLog
[2021/07/20 16:18:04][Callback]onLog
[2021/07/20 16:18:04][Callback]onLog
[2021/07/20 16:18:04][Callback]onLog
[2021/07/20 16:18:04][Callback]onExtendFuncFinish
[2021/07/20 16:18:05]__NtSdkMgr_ntExtendFunc
[2021/07/20 16:18:05][Callback]onLog
[2021/07/20 16:18:05][Callback]onLog
[2021/07/20 16:44:52]__NtSdkMgr_ntExtendFunc
[2021/07/20 16:44:52][Callback]onLog
[2021/07/20 16:44:52][Callback]onLog
[2021/07/20 16:58:57]__NtSdkMgr_ntExtendFunc
[2021/07/20 16:58:57][Callback]onLog
[2021/07/20 16:58:57][Callback]onLog
[2021/07/20 16:59:07]__NtSdkMgr_ntExtendFunc
[2021/07/20 16:59:07][Callback]onLog
[2021/07/20 16:59:07][Callback]onLog
[2021/07/20 16:59:07]__NtSdkMgr_ntLogout
[2021/07/20 16:59:07][Callback]onLog
[2021/07/20 16:59:07][Callback]onLog
[2021/07/20 21:33:28]__NtSdkMgr_init
[2021/07/20 21:33:28]__NtSdkMgr_setInitFinishCallback
[2021/07/20 21:33:28]__NtSdkMgr_setLoginFinishCallback
[2021/07/20 21:33:28]__NtSdkMgr_setLogoutFinishCallback
[2021/07/20 21:33:28]__NtSdkMgr_setCheckOrderFinishCallback
[2021/07/20 21:33:28]__NtSdkMgr_setExtendFuncFinishCallback
[2021/07/20 21:33:28]__NtSdkMgr_setQueryFriendFinishCallback
[2021/07/20 21:33:28]__NtSdkMgr_ntInit
[2021/07/20 21:33:28][Callback]onLog
[2021/07/20 21:33:28][Callback]onLog
[2021/07/20 21:33:28][Callback]onLog
[2021/07/20 21:33:28][Callback]onLog
[2021/07/20 21:33:28][Callback]onLog
[2021/07/20 21:33:28][Callback]onLog
[2021/07/20 21:33:28][Callback]onLog
[2021/07/20 21:33:28][Callback]onLog
[2021/07/20 21:33:28][Callback]onLog
[2021/07/20 21:33:28][Callback]onLog
[2021/07/20 21:33:28][Callback]onLog
[2021/07/20 21:33:28][Callback]onLog
[2021/07/20 21:33:28][Callback]onLog
[2021/07/20 21:33:28][Callback]onLog
[2021/07/20 21:33:28][Callback]onLog
[2021/07/20 21:33:28][Callback]onLog
[2021/07/20 21:33:28][Callback]onLog
[2021/07/20 21:33:28][Callback]onLog
[2021/07/20 21:33:28][Callback]onLog
[2021/07/20 21:33:28][Callback]onLog
[2021/07/20 21:33:28][Callback]onLog
[2021/07/20 21:33:28][Callback]onLog
[2021/07/20 21:33:28][Callback]onLog
[2021/07/20 21:33:28][Callback]onLog
[2021/07/20 21:33:28][Callback]onLog
[2021/07/20 21:33:28][Callback]onLog
[2021/07/20 21:33:28][Callback]onLog
[2021/07/20 21:33:28][Callback]onLog
[2021/07/20 21:33:28][Callback]onLog
[2021/07/20 21:33:28][Callback]onLog
[2021/07/20 21:33:28][Callback]onLog
[2021/07/20 21:33:28][Callback]onLog
[2021/07/20 21:33:28][Callback]onLog
[2021/07/20 21:33:28][Callback]onLog
[2021/07/20 21:33:28][Callback]onLog
[2021/07/20 21:33:28][Callback]onLog
[2021/07/20 21:33:28][Callback]onLog
[2021/07/20 21:33:28][Callback]onLog
[2021/07/20 21:33:28][Callback]onLog
[2021/07/20 21:33:28][Callback]onLog
[2021/07/20 21:33:28][Callback]onLog
[2021/07/20 21:33:28][Callback]onLog
[2021/07/20 21:33:28][Callback]onLog
[2021/07/20 21:33:28][Callback]onLog
[2021/07/20 21:33:28][Callback]onLog
[2021/07/20 21:33:28][Callback]onLog
[2021/07/20 21:33:28][Callback]onLog
[2021/07/20 21:33:28][Callback]onLog
[2021/07/20 21:33:28][Callback]onLog
[2021/07/20 21:33:28][Callback]onLog
[2021/07/20 21:33:28][Callback]onLog
[2021/07/20 21:33:28][Callback]onLog
[2021/07/20 21:33:28][Callback]onLog
[2021/07/20 21:33:28][Callback]onLog
[2021/07/20 21:33:28][Callback]onLog
[2021/07/20 21:33:28][Callback]onLog
[2021/07/20 21:33:28][Callback]onLog
[2021/07/20 21:33:28][Callback]onLog
[2021/07/20 21:33:28][Callback]onLog
[2021/07/20 21:33:28][Callback]onLog
[2021/07/20 21:33:28][Callback]onLog
[2021/07/20 21:33:28][Callback]onInitFinish
[2021/07/20 21:33:28][Callback]onLog
[2021/07/20 21:33:28][Callback]onLog
[2021/07/20 21:33:28][Callback]onLog
[2021/07/20 21:33:28][Callback]onLog
[2021/07/20 21:33:28][Callback]onLog
[2021/07/20 21:33:28][Callback]onLog
[2021/07/20 21:33:28][Callback]onLog
[2021/07/20 21:33:29][Callback]onLog
[2021/07/20 21:33:29][Callback]onLog
[2021/07/20 21:33:29][Callback]onLog
[2021/07/20 21:33:29][Callback]onLog
[2021/07/20 21:33:35][Callback]onLog
[2021/07/20 21:33:35][Callback]onLog
[2021/07/20 21:33:35][Callback]onLog
[2021/07/20 21:33:35][Callback]onLog
[2021/07/20 21:33:35][Callback]onLog
[2021/07/20 21:33:35][Callback]onLog
[2021/07/20 21:33:35][Callback]onLog
[2021/07/20 21:33:35][Callback]onLog
[2021/07/20 21:33:35][Callback]onLog
[2021/07/20 21:33:35][Callback]onLog
[2021/07/20 21:33:35][Callback]onLog
[2021/07/20 21:33:35][Callback]onLog
[2021/07/20 21:33:35][Callback]onLog
[2021/07/20 21:33:35][Callback]onLog
[2021/07/20 21:33:35][Callback]onLog
[2021/07/20 21:33:35][Callback]onLog
[2021/07/20 21:33:35][Callback]onLog
[2021/07/20 21:33:35][Callback]onLog
[2021/07/20 21:33:35][Callback]onLog
[2021/07/20 21:33:35][Callback]onLog
[2021/07/20 21:33:35][Callback]onLog
[2021/07/20 21:33:35][Callback]onLog
[2021/07/20 21:33:35][Callback]onLog
[2021/07/20 21:33:35][Callback]onLog
[2021/07/20 21:33:35][Callback]onLog
[2021/07/20 21:33:35][Callback]onLog
[2021/07/20 21:33:35][Callback]onLog
[2021/07/20 21:33:35][Callback]onLog
[2021/07/20 21:33:35][Callback]onLog
[2021/07/20 21:33:35][Callback]onLog
[2021/07/20 21:33:35][Callback]onLog
[2021/07/20 21:33:36][Callback]onLog
[2021/07/20 21:33:36][Callback]onLog
[2021/07/20 21:33:41]__NtSdkMgr_ntLogin
[2021/07/20 21:33:41][Callback]onLog
[2021/07/20 21:33:42][Callback]onLog
[2021/07/20 21:33:42][Callback]onLog
[2021/07/20 21:33:42][Callback]onLog
[2021/07/20 21:33:42][Callback]onLog
[2021/07/20 21:33:42][Callback]onLog
[2021/07/20 21:33:42][Callback]onLog
[2021/07/20 21:33:42][Callback]onLog
[2021/07/20 21:33:42][Callback]onLog
[2021/07/20 21:33:42][Callback]onLog
[2021/07/20 21:33:42][Callback]onLog
[2021/07/20 21:33:42][Callback]onLog
[2021/07/20 21:33:43][Callback]onLog
[2021/07/20 21:33:43][Callback]onLog
[2021/07/20 21:33:43][Callback]onLog
[2021/07/20 21:33:43][Callback]onLog
[2021/07/20 21:33:43][Callback]onLoginFinish
[2021/07/20 21:33:43][Callback]onLog
[2021/07/20 21:33:43][Callback]onLog
[2021/07/20 21:33:43][Callback]onExtendFuncFinish
[2021/07/20 21:33:43][Callback]onLog
[2021/07/20 21:33:43][Callback]onLog
[2021/07/20 21:33:43][Callback]onLog
[2021/07/20 21:33:43][Callback]onLog
[2021/07/20 21:33:43][Callback]onLog
[2021/07/20 21:33:43][Callback]onLog
[2021/07/20 21:33:43][Callback]onLog
[2021/07/20 21:33:43][Callback]onLog
[2021/07/20 21:33:43][Callback]onLog
[2021/07/20 21:33:43][Callback]onLog
[2021/07/20 21:33:43][Callback]onLog
[2021/07/20 21:33:43][Callback]onLog
[2021/07/20 21:33:43][Callback]onLog
[2021/07/20 21:33:43][Callback]onLog
[2021/07/20 21:33:43][Callback]onLog
[2021/07/20 21:33:43][Callback]onLog
[2021/07/20 21:33:43][Callback]onLog
[2021/07/20 21:33:43][Callback]onLog
[2021/07/20 21:33:43][Callback]onLog
[2021/07/20 21:33:43][Callback]onLog
[2021/07/20 21:33:43][Callback]onLog
[2021/07/20 21:33:43][Callback]onLog
[2021/07/20 21:33:43][Callback]onLog
[2021/07/20 21:33:43][Callback]onLog
[2021/07/20 21:33:43][Callback]onLog
[2021/07/20 21:33:43][Callback]onLog
[2021/07/20 21:33:43][Callback]onLog
[2021/07/20 21:33:43][Callback]onLog
[2021/07/20 21:33:44]__NtSdkMgr_ntGameLoginSuccess
[2021/07/20 21:33:44][Callback]onLog
[2021/07/20 21:33:44][Callback]onLog
[2021/07/20 21:33:44][Callback]onLog
[2021/07/20 21:33:44][Callback]onLog
[2021/07/20 21:33:44][Callback]onLog
[2021/07/20 21:33:44][Callback]onLog
[2021/07/20 21:33:44][Callback]onLog
[2021/07/20 21:33:44][Callback]onLog
[2021/07/20 21:33:44][Callback]onLog
[2021/07/20 21:33:44][Callback]onLog
[2021/07/20 21:33:44][Callback]onLog
[2021/07/20 21:33:44][Callback]onLog
[2021/07/20 21:33:44][Callback]onLog
[2021/07/20 21:33:45]__NtSdkMgr_ntExtendFunc
[2021/07/20 21:33:45][Callback]onLog
[2021/07/20 21:33:45][Callback]onLog
[2021/07/20 21:33:45][Callback]onLog
[2021/07/20 21:33:45][Callback]onLog
[2021/07/20 21:33:45]__NtSdkMgr_ntExtendFunc
[2021/07/20 21:33:45][Callback]onLog
[2021/07/20 21:33:45][Callback]onLog
[2021/07/20 21:33:46]__NtSdkMgr_ntExtendFunc
[2021/07/20 21:33:46][Callback]onLog
[2021/07/20 21:33:46][Callback]onLog
[2021/07/20 21:33:46][Callback]onLog
[2021/07/20 21:33:46][Callback]onLog
[2021/07/20 21:33:46][Callback]onExtendFuncFinish
[2021/07/20 21:42:40]__NtSdkMgr_ntExtendFunc
[2021/07/20 21:42:40][Callback]onLog
[2021/07/20 21:42:40][Callback]onLog
[2021/07/20 21:57:25]__NtSdkMgr_ntExtendFunc
[2021/07/20 21:57:25][Callback]onLog
[2021/07/20 21:57:25][Callback]onLog
[2021/07/20 22:23:46]__NtSdkMgr_ntExtendFunc
[2021/07/20 22:23:46][Callback]onLog
[2021/07/20 22:23:46][Callback]onLog
[2021/07/20 22:24:43]__NtSdkMgr_ntExtendFunc
[2021/07/20 22:24:43][Callback]onLog
[2021/07/20 22:24:43][Callback]onLog
[2021/07/20 22:24:43]__NtSdkMgr_ntLogout
[2021/07/20 22:24:43][Callback]onLog
[2021/07/20 22:24:43][Callback]onLog
[2021/07/21 12:36:43]__NtSdkMgr_init
[2021/07/21 12:36:44]__NtSdkMgr_setInitFinishCallback
[2021/07/21 12:36:44]__NtSdkMgr_setLoginFinishCallback
[2021/07/21 12:36:44]__NtSdkMgr_setLogoutFinishCallback
[2021/07/21 12:36:44]__NtSdkMgr_setCheckOrderFinishCallback
[2021/07/21 12:36:44]__NtSdkMgr_setExtendFuncFinishCallback
[2021/07/21 12:36:44]__NtSdkMgr_setQueryFriendFinishCallback
[2021/07/21 12:36:44]__NtSdkMgr_ntInit
[2021/07/21 12:36:44][Callback]onLog
[2021/07/21 12:36:44][Callback]onLog
[2021/07/21 12:36:44][Callback]onLog
[2021/07/21 12:36:44][Callback]onLog
[2021/07/21 12:36:44][Callback]onLog
[2021/07/21 12:36:44][Callback]onLog
[2021/07/21 12:36:44][Callback]onLog
[2021/07/21 12:36:44][Callback]onLog
[2021/07/21 12:36:44][Callback]onLog
[2021/07/21 12:36:44][Callback]onLog
[2021/07/21 12:36:44][Callback]onLog
[2021/07/21 12:36:44][Callback]onLog
[2021/07/21 12:36:44][Callback]onLog
[2021/07/21 12:36:44][Callback]onLog
[2021/07/21 12:36:44][Callback]onLog
[2021/07/21 12:36:44][Callback]onLog
[2021/07/21 12:36:44][Callback]onLog
[2021/07/21 12:36:44][Callback]onLog
[2021/07/21 12:36:44][Callback]onLog
[2021/07/21 12:36:44][Callback]onLog
[2021/07/21 12:36:44][Callback]onLog
[2021/07/21 12:36:44][Callback]onLog
[2021/07/21 12:36:44][Callback]onLog
[2021/07/21 12:36:44][Callback]onLog
[2021/07/21 12:36:44][Callback]onLog
[2021/07/21 12:36:44][Callback]onLog
[2021/07/21 12:36:44][Callback]onLog
[2021/07/21 12:36:44][Callback]onLog
[2021/07/21 12:36:44][Callback]onLog
[2021/07/21 12:36:44][Callback]onLog
[2021/07/21 12:36:44][Callback]onLog
[2021/07/21 12:36:44][Callback]onLog
[2021/07/21 12:36:44][Callback]onLog
[2021/07/21 12:36:44][Callback]onLog
[2021/07/21 12:36:44][Callback]onLog
[2021/07/21 12:36:44][Callback]onLog
[2021/07/21 12:36:44][Callback]onLog
[2021/07/21 12:36:44][Callback]onLog
[2021/07/21 12:36:44][Callback]onLog
[2021/07/21 12:36:44][Callback]onLog
[2021/07/21 12:36:44][Callback]onLog
[2021/07/21 12:36:44][Callback]onLog
[2021/07/21 12:36:44][Callback]onLog
[2021/07/21 12:36:44][Callback]onLog
[2021/07/21 12:36:44][Callback]onLog
[2021/07/21 12:36:44][Callback]onLog
[2021/07/21 12:36:44][Callback]onLog
[2021/07/21 12:36:44][Callback]onLog
[2021/07/21 12:36:44][Callback]onLog
[2021/07/21 12:36:44][Callback]onLog
[2021/07/21 12:36:44][Callback]onLog
[2021/07/21 12:36:44][Callback]onLog
[2021/07/21 12:36:44][Callback]onLog
[2021/07/21 12:36:44][Callback]onLog
[2021/07/21 12:36:44][Callback]onLog
[2021/07/21 12:36:44][Callback]onLog
[2021/07/21 12:36:44][Callback]onLog
[2021/07/21 12:36:44][Callback]onLog
[2021/07/21 12:36:44][Callback]onLog
[2021/07/21 12:36:44][Callback]onLog
[2021/07/21 12:36:44][Callback]onLog
[2021/07/21 12:36:44][Callback]onLog
[2021/07/21 12:36:44][Callback]onLog
[2021/07/21 12:36:44][Callback]onLog
[2021/07/21 12:36:44][Callback]onInitFinish
[2021/07/21 12:36:44][Callback]onLog
[2021/07/21 12:36:44][Callback]onLog
[2021/07/21 12:36:44][Callback]onLog
[2021/07/21 12:36:44][Callback]onLog
[2021/07/21 12:36:44][Callback]onLog
[2021/07/21 12:36:44][Callback]onLog
[2021/07/21 12:36:44][Callback]onLog
[2021/07/21 12:36:45][Callback]onLog
[2021/07/21 12:36:51][Callback]onLog
[2021/07/21 12:36:51][Callback]onLog
[2021/07/21 12:36:51][Callback]onLog
[2021/07/21 12:36:51][Callback]onLog
[2021/07/21 12:36:51][Callback]onLog
[2021/07/21 12:36:51][Callback]onLog
[2021/07/21 12:36:51][Callback]onLog
[2021/07/21 12:36:51][Callback]onLog
[2021/07/21 12:36:51][Callback]onLog
[2021/07/21 12:36:51][Callback]onLog
[2021/07/21 12:36:51][Callback]onLog
[2021/07/21 12:36:51][Callback]onLog
[2021/07/21 12:36:51][Callback]onLog
[2021/07/21 12:36:51][Callback]onLog
[2021/07/21 12:36:51][Callback]onLog
[2021/07/21 12:36:51][Callback]onLog
[2021/07/21 12:36:51][Callback]onLog
[2021/07/21 12:36:51][Callback]onLog
[2021/07/21 12:36:51][Callback]onLog
[2021/07/21 12:36:51][Callback]onLog
[2021/07/21 12:36:51][Callback]onLog
[2021/07/21 12:36:51][Callback]onLog
[2021/07/21 12:36:51][Callback]onLog
[2021/07/21 12:36:51][Callback]onLog
[2021/07/21 12:36:51][Callback]onLog
[2021/07/21 12:36:51][Callback]onLog
[2021/07/21 12:36:51][Callback]onLog
[2021/07/21 12:36:51][Callback]onLog
[2021/07/21 12:36:51][Callback]onLog
[2021/07/21 12:36:51][Callback]onLog
[2021/07/21 12:36:51][Callback]onLog
[2021/07/21 12:36:52][Callback]onLog
[2021/07/21 12:36:52][Callback]onLog
[2021/07/21 12:37:08]__NtSdkMgr_ntLogin
[2021/07/21 12:37:08][Callback]onLog
[2021/07/21 12:37:09][Callback]onLog
[2021/07/21 12:37:09][Callback]onLog
[2021/07/21 12:37:09][Callback]onLog
[2021/07/21 12:37:09][Callback]onLog
[2021/07/21 12:37:09][Callback]onLog
[2021/07/21 12:37:09][Callback]onLog
[2021/07/21 12:37:09][Callback]onLog
[2021/07/21 12:37:09][Callback]onLog
[2021/07/21 12:37:09][Callback]onLog
[2021/07/21 12:37:09][Callback]onLog
[2021/07/21 12:37:09][Callback]onLog
[2021/07/21 12:37:10][Callback]onLog
[2021/07/21 12:37:10][Callback]onLog
[2021/07/21 12:37:10][Callback]onLog
[2021/07/21 12:37:10][Callback]onLog
[2021/07/21 12:37:10][Callback]onLoginFinish
[2021/07/21 12:37:10][Callback]onLog
[2021/07/21 12:37:10][Callback]onLog
[2021/07/21 12:37:10][Callback]onExtendFuncFinish
[2021/07/21 12:37:10][Callback]onLog
[2021/07/21 12:37:10][Callback]onLog
[2021/07/21 12:37:10][Callback]onLog
[2021/07/21 12:37:10][Callback]onLog
[2021/07/21 12:37:10][Callback]onLog
[2021/07/21 12:37:10][Callback]onLog
[2021/07/21 12:37:10][Callback]onLog
[2021/07/21 12:37:10][Callback]onLog
[2021/07/21 12:37:10][Callback]onLog
[2021/07/21 12:37:10][Callback]onLog
[2021/07/21 12:37:10][Callback]onLog
[2021/07/21 12:37:10][Callback]onLog
[2021/07/21 12:37:10][Callback]onLog
[2021/07/21 12:37:10][Callback]onLog
[2021/07/21 12:37:10][Callback]onLog
[2021/07/21 12:37:10][Callback]onLog
[2021/07/21 12:37:10][Callback]onLog
[2021/07/21 12:37:10][Callback]onLog
[2021/07/21 12:37:10][Callback]onLog
[2021/07/21 12:37:10][Callback]onLog
[2021/07/21 12:37:10][Callback]onLog
[2021/07/21 12:37:10][Callback]onLog
[2021/07/21 12:37:10][Callback]onLog
[2021/07/21 12:37:10][Callback]onLog
[2021/07/21 12:37:10][Callback]onLog
[2021/07/21 12:37:10][Callback]onLog
[2021/07/21 12:37:10][Callback]onLog
[2021/07/21 12:37:10][Callback]onLog
[2021/07/21 12:37:27]__NtSdkMgr_ntGameLoginSuccess
[2021/07/21 12:37:27][Callback]onLog
[2021/07/21 12:37:27][Callback]onLog
[2021/07/21 12:37:27][Callback]onLog
[2021/07/21 12:37:27][Callback]onLog
[2021/07/21 12:37:27][Callback]onLog
[2021/07/21 12:37:27][Callback]onLog
[2021/07/21 12:37:27][Callback]onLog
[2021/07/21 12:37:27][Callback]onLog
[2021/07/21 12:37:27][Callback]onLog
[2021/07/21 12:37:27][Callback]onLog
[2021/07/21 12:37:27][Callback]onLog
[2021/07/21 12:37:27][Callback]onLog
[2021/07/21 12:37:27][Callback]onLog
[2021/07/21 12:37:27][Callback]onLog
[2021/07/21 12:37:27][Callback]onLog
[2021/07/21 12:37:27]__NtSdkMgr_ntExtendFunc
[2021/07/21 12:37:27][Callback]onLog
[2021/07/21 12:37:27][Callback]onLog
[2021/07/21 12:37:27][Callback]onLog
[2021/07/21 12:37:27][Callback]onLog
[2021/07/21 12:37:28]__NtSdkMgr_ntExtendFunc
[2021/07/21 12:37:28][Callback]onLog
[2021/07/21 12:37:28][Callback]onLog
[2021/07/21 12:37:28]__NtSdkMgr_ntExtendFunc
[2021/07/21 12:37:28][Callback]onLog
[2021/07/21 12:37:28][Callback]onLog
[2021/07/21 12:37:28][Callback]onLog
[2021/07/21 12:37:28][Callback]onLog
[2021/07/21 12:37:28][Callback]onExtendFuncFinish
[2021/07/21 13:00:24]__NtSdkMgr_ntExtendFunc
[2021/07/21 13:00:24][Callback]onLog
[2021/07/21 13:00:24][Callback]onLog
[2021/07/21 13:25:50]__NtSdkMgr_ntExtendFunc
[2021/07/21 13:25:50][Callback]onLog
[2021/07/21 13:25:50][Callback]onLog
[2021/07/21 13:41:41]__NtSdkMgr_ntExtendFunc
[2021/07/21 13:41:41][Callback]onLog
[2021/07/21 13:41:41][Callback]onLog
[2021/07/21 13:41:52]__NtSdkMgr_ntExtendFunc
[2021/07/21 13:41:52][Callback]onLog
[2021/07/21 13:41:52][Callback]onLog
[2021/07/21 13:41:52]__NtSdkMgr_ntLogout
[2021/07/21 13:41:52][Callback]onLog
[2021/07/21 13:41:52][Callback]onLog
[2021/07/21 20:24:30]__NtSdkMgr_init
[2021/07/21 20:24:30]__NtSdkMgr_setInitFinishCallback
[2021/07/21 20:24:30]__NtSdkMgr_setLoginFinishCallback
[2021/07/21 20:24:30]__NtSdkMgr_setLogoutFinishCallback
[2021/07/21 20:24:30]__NtSdkMgr_setCheckOrderFinishCallback
[2021/07/21 20:24:30]__NtSdkMgr_setExtendFuncFinishCallback
[2021/07/21 20:24:30]__NtSdkMgr_setQueryFriendFinishCallback
[2021/07/21 20:24:30]__NtSdkMgr_ntInit
[2021/07/21 20:24:30][Callback]onLog
[2021/07/21 20:24:30][Callback]onLog
[2021/07/21 20:24:30][Callback]onLog
[2021/07/21 20:24:30][Callback]onLog
[2021/07/21 20:24:30][Callback]onLog
[2021/07/21 20:24:30][Callback]onLog
[2021/07/21 20:24:30][Callback]onLog
[2021/07/21 20:24:30][Callback]onLog
[2021/07/21 20:24:30][Callback]onLog
[2021/07/21 20:24:30][Callback]onLog
[2021/07/21 20:24:30][Callback]onLog
[2021/07/21 20:24:30][Callback]onLog
[2021/07/21 20:24:30][Callback]onLog
[2021/07/21 20:24:30][Callback]onLog
[2021/07/21 20:24:30][Callback]onLog
[2021/07/21 20:24:30][Callback]onLog
[2021/07/21 20:24:30][Callback]onLog
[2021/07/21 20:24:30][Callback]onLog
[2021/07/21 20:24:30][Callback]onLog
[2021/07/21 20:24:30][Callback]onLog
[2021/07/21 20:24:30][Callback]onLog
[2021/07/21 20:24:30][Callback]onLog
[2021/07/21 20:24:30][Callback]onLog
[2021/07/21 20:24:30][Callback]onLog
[2021/07/21 20:24:30][Callback]onLog
[2021/07/21 20:24:30][Callback]onLog
[2021/07/21 20:24:30][Callback]onLog
[2021/07/21 20:24:30][Callback]onLog
[2021/07/21 20:24:30][Callback]onLog
[2021/07/21 20:24:30][Callback]onLog
[2021/07/21 20:24:30][Callback]onLog
[2021/07/21 20:24:30][Callback]onLog
[2021/07/21 20:24:30][Callback]onLog
[2021/07/21 20:24:30][Callback]onLog
[2021/07/21 20:24:30][Callback]onLog
[2021/07/21 20:24:30][Callback]onLog
[2021/07/21 20:24:30][Callback]onLog
[2021/07/21 20:24:30][Callback]onLog
[2021/07/21 20:24:30][Callback]onLog
[2021/07/21 20:24:30][Callback]onLog
[2021/07/21 20:24:30][Callback]onLog
[2021/07/21 20:24:30][Callback]onLog
[2021/07/21 20:24:30][Callback]onLog
[2021/07/21 20:24:30][Callback]onLog
[2021/07/21 20:24:30][Callback]onLog
[2021/07/21 20:24:30][Callback]onLog
[2021/07/21 20:24:30][Callback]onLog
[2021/07/21 20:24:30][Callback]onLog
[2021/07/21 20:24:30][Callback]onLog
[2021/07/21 20:24:30][Callback]onLog
[2021/07/21 20:24:30][Callback]onLog
[2021/07/21 20:24:30][Callback]onLog
[2021/07/21 20:24:30][Callback]onLog
[2021/07/21 20:24:30][Callback]onLog
[2021/07/21 20:24:30][Callback]onLog
[2021/07/21 20:24:30][Callback]onLog
[2021/07/21 20:24:30][Callback]onLog
[2021/07/21 20:24:30][Callback]onLog
[2021/07/21 20:24:30][Callback]onLog
[2021/07/21 20:24:30][Callback]onLog
[2021/07/21 20:24:30][Callback]onLog
[2021/07/21 20:24:31][Callback]onInitFinish
[2021/07/21 20:24:31][Callback]onLog
[2021/07/21 20:24:31][Callback]onLog
[2021/07/21 20:24:31][Callback]onLog
[2021/07/21 20:24:31][Callback]onLog
[2021/07/21 20:24:31][Callback]onLog
[2021/07/21 20:24:31][Callback]onLog
[2021/07/21 20:24:31][Callback]onLog
[2021/07/21 20:24:31][Callback]onLog
[2021/07/21 20:24:31][Callback]onLog
[2021/07/21 20:24:31][Callback]onLog
[2021/07/21 20:24:31][Callback]onLog
[2021/07/21 20:24:38][Callback]onLog
[2021/07/21 20:24:38][Callback]onLog
[2021/07/21 20:24:38][Callback]onLog
[2021/07/21 20:24:38][Callback]onLog
[2021/07/21 20:24:38][Callback]onLog
[2021/07/21 20:24:38][Callback]onLog
[2021/07/21 20:24:38][Callback]onLog
[2021/07/21 20:24:38][Callback]onLog
[2021/07/21 20:24:38][Callback]onLog
[2021/07/21 20:24:38][Callback]onLog
[2021/07/21 20:24:38][Callback]onLog
[2021/07/21 20:24:38][Callback]onLog
[2021/07/21 20:24:38][Callback]onLog
[2021/07/21 20:24:38][Callback]onLog
[2021/07/21 20:24:38][Callback]onLog
[2021/07/21 20:24:38][Callback]onLog
[2021/07/21 20:24:38][Callback]onLog
[2021/07/21 20:24:38][Callback]onLog
[2021/07/21 20:24:38][Callback]onLog
[2021/07/21 20:24:38][Callback]onLog
[2021/07/21 20:24:38][Callback]onLog
[2021/07/21 20:24:38][Callback]onLog
[2021/07/21 20:24:38][Callback]onLog
[2021/07/21 20:24:38][Callback]onLog
[2021/07/21 20:24:38][Callback]onLog
[2021/07/21 20:24:38][Callback]onLog
[2021/07/21 20:24:38][Callback]onLog
[2021/07/21 20:24:38][Callback]onLog
[2021/07/21 20:24:38][Callback]onLog
[2021/07/21 20:24:38][Callback]onLog
[2021/07/21 20:24:38][Callback]onLog
[2021/07/21 20:24:38][Callback]onLog
[2021/07/21 20:24:38][Callback]onLog
[2021/07/21 20:24:45]__NtSdkMgr_ntLogin
[2021/07/21 20:24:45][Callback]onLog
[2021/07/21 20:25:25][Callback]onLog
[2021/07/21 20:25:25][Callback]onLog
[2021/07/21 20:25:25][Callback]onLog
[2021/07/21 20:25:25][Callback]onLog
[2021/07/21 20:25:25][Callback]onLog
[2021/07/21 20:25:25][Callback]onLog
[2021/07/21 20:25:25][Callback]onLog
[2021/07/21 20:25:25][Callback]onLog
[2021/07/21 20:25:25][Callback]onLog
[2021/07/21 20:25:25][Callback]onLog
[2021/07/21 20:25:25][Callback]onLog
[2021/07/21 20:25:25][Callback]onLog
[2021/07/21 20:25:25][Callback]onLog
[2021/07/21 20:25:25][Callback]onLog
[2021/07/21 20:25:25][Callback]onLog
[2021/07/21 20:25:25][Callback]onLoginFinish
[2021/07/21 20:25:25][Callback]onLog
[2021/07/21 20:25:25][Callback]onLog
[2021/07/21 20:25:25][Callback]onExtendFuncFinish
[2021/07/21 20:25:26][Callback]onLog
[2021/07/21 20:25:26][Callback]onLog
[2021/07/21 20:25:26][Callback]onLog
[2021/07/21 20:25:26][Callback]onLog
[2021/07/21 20:25:26][Callback]onLog
[2021/07/21 20:25:26][Callback]onLog
[2021/07/21 20:25:26][Callback]onLog
[2021/07/21 20:25:26][Callback]onLog
[2021/07/21 20:25:26][Callback]onLog
[2021/07/21 20:25:26][Callback]onLog
[2021/07/21 20:25:26][Callback]onLog
[2021/07/21 20:25:26][Callback]onLog
[2021/07/21 20:25:26][Callback]onLog
[2021/07/21 20:25:26][Callback]onLog
[2021/07/21 20:25:26][Callback]onLog
[2021/07/21 20:25:26][Callback]onLog
[2021/07/21 20:25:26][Callback]onLog
[2021/07/21 20:25:26][Callback]onLog
[2021/07/21 20:25:26][Callback]onLog
[2021/07/21 20:25:26][Callback]onLog
[2021/07/21 20:25:26][Callback]onLog
[2021/07/21 20:25:26][Callback]onLog
[2021/07/21 20:25:26][Callback]onLog
[2021/07/21 20:25:26][Callback]onLog
[2021/07/21 20:25:26][Callback]onLog
[2021/07/21 20:25:26][Callback]onLog
[2021/07/21 20:25:26][Callback]onLog
[2021/07/21 20:25:26][Callback]onLog
[2021/07/21 20:25:32]__NtSdkMgr_ntGameLoginSuccess
[2021/07/21 20:25:32][Callback]onLog
[2021/07/21 20:25:32][Callback]onLog
[2021/07/21 20:25:32][Callback]onLog
[2021/07/21 20:25:32][Callback]onLog
[2021/07/21 20:25:32][Callback]onLog
[2021/07/21 20:25:32][Callback]onLog
[2021/07/21 20:25:32][Callback]onLog
[2021/07/21 20:25:32][Callback]onLog
[2021/07/21 20:25:32][Callback]onLog
[2021/07/21 20:25:32][Callback]onLog
[2021/07/21 20:25:32][Callback]onLog
[2021/07/21 20:25:32][Callback]onLog
[2021/07/21 20:25:32][Callback]onLog
[2021/07/21 20:25:32][Callback]onLog
[2021/07/21 20:25:32][Callback]onLog
[2021/07/21 20:25:32]__NtSdkMgr_ntExtendFunc
[2021/07/21 20:25:32][Callback]onLog
[2021/07/21 20:25:32][Callback]onLog
[2021/07/21 20:25:32][Callback]onLog
[2021/07/21 20:25:32][Callback]onLog
[2021/07/21 20:25:32]__NtSdkMgr_ntExtendFunc
[2021/07/21 20:25:32][Callback]onLog
[2021/07/21 20:25:32][Callback]onLog
[2021/07/21 20:25:33][Callback]onLog
[2021/07/21 20:25:33][Callback]onLog
[2021/07/21 20:25:33][Callback]onExtendFuncFinish
[2021/07/21 20:25:34]__NtSdkMgr_ntExtendFunc
[2021/07/21 20:25:34][Callback]onLog
[2021/07/21 20:25:34][Callback]onLog
[2021/07/21 20:32:29]__NtSdkMgr_ntExtendFunc
[2021/07/21 20:32:29][Callback]onLog
[2021/07/21 20:32:29][Callback]onLog
[2021/07/21 20:32:29][Callback]onLog
[2021/07/21 20:32:32]__NtSdkMgr_ntGameLoginSuccess
[2021/07/21 20:32:32][Callback]onLog
[2021/07/21 20:32:32][Callback]onLog
[2021/07/21 20:32:32][Callback]onLog
[2021/07/21 20:32:32][Callback]onLog
[2021/07/21 20:32:32][Callback]onLog
[2021/07/21 20:32:32][Callback]onLog
[2021/07/21 20:32:32][Callback]onLog
[2021/07/21 20:32:32][Callback]onLog
[2021/07/21 20:32:32][Callback]onLog
[2021/07/21 20:32:32][Callback]onLog
[2021/07/21 20:32:32][Callback]onLog
[2021/07/21 20:32:32][Callback]onLog
[2021/07/21 20:32:32][Callback]onLog
[2021/07/21 20:32:32][Callback]onLog
[2021/07/21 20:32:32][Callback]onLog
[2021/07/21 20:32:32]__NtSdkMgr_ntExtendFunc
[2021/07/21 20:32:32][Callback]onLog
[2021/07/21 20:32:32][Callback]onLog
[2021/07/21 20:32:32][Callback]onLog
[2021/07/21 20:32:32][Callback]onLog
[2021/07/21 20:32:32][Callback]onLog
[2021/07/21 20:32:32][Callback]onExtendFuncFinish
[2021/07/21 20:32:32]__NtSdkMgr_ntExtendFunc
[2021/07/21 20:32:32][Callback]onLog
[2021/07/21 20:32:32][Callback]onLog
[2021/07/21 20:32:33][Callback]onLog
[2021/07/21 20:32:48]__NtSdkMgr_ntExtendFunc
[2021/07/21 20:32:48][Callback]onLog
[2021/07/21 20:32:48][Callback]onLog
[2021/07/21 20:39:50]__NtSdkMgr_ntExtendFunc
[2021/07/21 20:39:50][Callback]onLog
[2021/07/21 20:39:50][Callback]onLog
[2021/07/21 20:56:01]__NtSdkMgr_ntExtendFunc
[2021/07/21 20:56:01][Callback]onLog
[2021/07/21 20:56:01][Callback]onLog
[2021/07/21 20:56:17]__NtSdkMgr_ntExtendFunc
[2021/07/21 20:56:17][Callback]onLog
[2021/07/21 20:56:17][Callback]onLog
[2021/07/21 20:56:17]__NtSdkMgr_ntLogout
[2021/07/21 20:56:17][Callback]onLog
[2021/07/21 20:56:17][Callback]onLog
